Log file open, 09/12/22 01:23:08
LogWindows: Failed to load 'aqProf.dll' (GetLastError=126)
LogWindows: File 'aqProf.dll' does not exist
LogWindows: Failed to load 'VtuneApi.dll' (GetLastError=126)
LogWindows: File 'VtuneApi.dll' does not exist
LogWindows: Failed to load 'VtuneApi32e.dll' (GetLastError=126)
LogWindows: File 'VtuneApi32e.dll' does not exist
LogConsoleResponse: Display: Failed to find resolution value strings in scalability ini. Falling back to default.
LogConsoleResponse: Display: Failed to find resolution value strings in scalability ini. Falling back to default.
LogInit: Display: Running engine for game: MyProject
LogPlatformFile: Not using cached read wrapper
LogTaskGraph: Started task graph with 5 named threads and 23 total threads with 3 sets of task threads.
LogStats: Stats thread started at 0.215174
LogICUInternationalization: ICU TimeZone Detection - Raw Offset: +1:00, Platform Override: ''
LogInit: Display: Loading text-based GConfig....
LogPluginManager: Mounting plugin MeshPainting
LogPluginManager: Mounting plugin XGEController
LogPluginManager: Mounting plugin AISupport
LogPluginManager: Mounting plugin Paper2D
LogPluginManager: Mounting plugin EnvironmentQueryEditor
LogPluginManager: Mounting plugin GameplayCameras
LogPluginManager: Mounting plugin CameraShakePreviewer
LogPluginManager: Mounting plugin LightPropagationVolume
LogPluginManager: Mounting plugin LiveLink
LogPluginManager: Mounting plugin OodleData
LogPluginManager: Mounting plugin OodleNetwork
LogPluginManager: Mounting plugin AnimationSharing
LogPluginManager: Mounting plugin GitSourceControl
LogPluginManager: Mounting plugin KDevelopSourceCodeAccess
LogPluginManager: Mounting plugin CLionSourceCodeAccess
LogPluginManager: Mounting plugin CodeLiteSourceCodeAccess
LogPluginManager: Mounting plugin NullSourceCodeAccess
LogPluginManager: Mounting plugin PerforceSourceControl
LogPluginManager: Mounting plugin PixWinPlugin
LogPluginManager: Mounting plugin PlasticSourceControl
LogPluginManager: Mounting plugin PluginUtils
LogPluginManager: Mounting plugin PropertyAccessNode
LogPluginManager: Mounting plugin SubversionSourceControl
LogPluginManager: Mounting plugin RiderSourceCodeAccess
LogPluginManager: Mounting plugin TextureFormatOodle
LogPluginManager: Mounting plugin UObjectPlugin
LogPluginManager: Mounting plugin VisualStudioCodeSourceCodeAccess
LogPluginManager: Mounting plugin XCodeSourceCodeAccess
LogPluginManager: Mounting plugin VisualStudioSourceCodeAccess
LogPluginManager: Mounting plugin DatasmithContent
LogPluginManager: Mounting plugin AlembicImporter
LogPluginManager: Mounting plugin AutomationUtils
LogPluginManager: Mounting plugin BackChannel
LogPluginManager: Mounting plugin ChaosCloth
LogPluginManager: Mounting plugin ChaosClothEditor
LogPluginManager: Mounting plugin ChaosEditor
LogPluginManager: Mounting plugin ChaosNiagara
LogPluginManager: Mounting plugin ChaosSolverPlugin
LogPluginManager: Mounting plugin CharacterAI
LogPluginManager: Mounting plugin GeometryCache
LogPluginManager: Mounting plugin GeometryCollectionPlugin
LogPluginManager: Mounting plugin GeometryProcessing
LogPluginManager: Mounting plugin MotoSynth
LogPluginManager: Mounting plugin OpenImageDenoise
LogPluginManager: Mounting plugin PlanarCut
LogPluginManager: Mounting plugin PlatformCrypto
LogPluginManager: Mounting plugin ProxyLODPlugin
LogPluginManager: Mounting plugin PythonScriptPlugin
LogPluginManager: Mounting plugin SkeletalReduction
LogPluginManager: Mounting plugin AssetManagerEditor
LogPluginManager: Mounting plugin VariantManagerContent
LogPluginManager: Mounting plugin CryptoKeys
LogPluginManager: Mounting plugin DataValidation
LogPluginManager: Mounting plugin CurveEditorTools
LogPluginManager: Mounting plugin FacialAnimation
LogPluginManager: Mounting plugin GameplayTagsEditor
LogPluginManager: Mounting plugin GeometryMode
LogPluginManager: Mounting plugin MacGraphicsSwitching
LogPluginManager: Mounting plugin MaterialAnalyzer
LogPluginManager: Mounting plugin MobileLauncherProfileWizard
LogPluginManager: Mounting plugin Niagara
LogPluginManager: Mounting plugin PluginBrowser
LogPluginManager: Mounting plugin SpeedTreeImporter
LogPluginManager: Mounting plugin LuminPlatformFeatures
LogPluginManager: Mounting plugin MagicLeap
LogPluginManager: Mounting plugin MagicLeapLightEstimation
LogPluginManager: Mounting plugin MagicLeapMedia
LogPluginManager: Mounting plugin MagicLeapPassableWorld
LogPluginManager: Mounting plugin AndroidMedia
LogPluginManager: Mounting plugin AvfMedia
LogPluginManager: Mounting plugin MLSDK
LogPluginManager: Mounting plugin ImgMedia
LogPluginManager: Mounting plugin MediaCompositing
LogPluginManager: Mounting plugin MediaPlayerEditor
LogPluginManager: Mounting plugin WebMMedia
LogPluginManager: Mounting plugin WmfMedia
LogPluginManager: Mounting plugin TcpMessaging
LogPluginManager: Mounting plugin ActorSequence
LogPluginManager: Mounting plugin UdpMessaging
LogPluginManager: Mounting plugin LevelSequenceEditor
LogPluginManager: Mounting plugin MatineeToLevelSequence
LogPluginManager: Mounting plugin TemplateSequence
LogPluginManager: Mounting plugin OnlineSubsystem
LogPluginManager: Mounting plugin LauncherChunkInstaller
LogPluginManager: Mounting plugin OnlineSubsystemNull
LogPluginManager: Mounting plugin OnlineSubsystemUtils
LogPluginManager: Mounting plugin ActorLayerUtilities
LogPluginManager: Mounting plugin AndroidMoviePlayer
LogPluginManager: Mounting plugin AndroidPermission
LogPluginManager: Mounting plugin AndroidDeviceProfileSelector
LogPluginManager: Mounting plugin AppleMoviePlayer
LogPluginManager: Mounting plugin AppleImageUtils
LogPluginManager: Mounting plugin AssetTags
LogPluginManager: Mounting plugin ArchVisCharacter
LogPluginManager: Mounting plugin AudioCapture
LogPluginManager: Mounting plugin AudioSynesthesia
LogPluginManager: Mounting plugin CableComponent
LogPluginManager: Mounting plugin ChunkDownloader
LogPluginManager: Mounting plugin CustomMeshComponent
LogPluginManager: Mounting plugin EditableMesh
LogPluginManager: Mounting plugin ExampleDeviceProfileSelector
LogPluginManager: Mounting plugin GoogleCloudMessaging
LogPluginManager: Mounting plugin GooglePAD
LogPluginManager: Mounting plugin IOSDeviceProfileSelector
LogPluginManager: Mounting plugin LinuxDeviceProfileSelector
LogPluginManager: Mounting plugin ScreenshotTools
LogPluginManager: Mounting plugin LocationServicesBPLibrary
LogPluginManager: Mounting plugin MobilePatchingUtils
LogPluginManager: Mounting plugin Takes
LogPluginManager: Mounting plugin OpenXR
LogPluginManager: Mounting plugin OpenXREyeTracker
LogPluginManager: Mounting plugin OpenXRHandTracking
LogPluginManager: Mounting plugin PhysXVehicles
LogPluginManager: Mounting plugin PostSplashScreen
LogPluginManager: Mounting plugin ProceduralMeshComponent
LogPluginManager: Mounting plugin RuntimePhysXCooking
LogPluginManager: Mounting plugin PropertyAccessEditor
LogPluginManager: Mounting plugin SignificanceManager
LogPluginManager: Mounting plugin SoundFields
LogPluginManager: Mounting plugin Synthesis
LogPluginManager: Mounting plugin WebMMoviePlayer
LogPluginManager: Mounting plugin WindowsMoviePlayer
LogPluginManager: Mounting plugin ContentBrowserAssetDataSource
LogPluginManager: Mounting plugin ContentBrowserClassDataSource
LogPluginManager: Mounting plugin ContentBrowserFileDataSource
LogPluginManager: Mounting plugin OnlineSubsystemGooglePlay
LogPluginManager: Mounting plugin OnlineSubsystemIOS
LogPluginManager: Mounting plugin OculusVR
LogPluginManager: Mounting plugin SteamVR
PixWinPlugin: PIX capture plugin failed to initialize! Check that the process is launched from PIX.
LogInit: Using libcurl 7.55.1-DEV
LogInit:  - built for x86_64-pc-win32
LogInit:  - supports SSL with OpenSSL/1.1.1
LogInit:  - supports HTTP deflate (compression) using libz 1.2.8
LogInit:  - other features:
LogInit:      CURL_VERSION_SSL
LogInit:      CURL_VERSION_LIBZ
LogInit:      CURL_VERSION_IPV6
LogInit:      CURL_VERSION_ASYNCHDNS
LogInit:      CURL_VERSION_LARGEFILE
LogInit:      CURL_VERSION_IDN
LogInit:  CurlRequestOptions (configurable via config and command line):
LogInit:  - bVerifyPeer = true  - Libcurl will verify peer certificate
LogInit:  - bUseHttpProxy = false  - Libcurl will NOT use HTTP proxy
LogInit:  - bDontReuseConnections = false  - Libcurl will reuse connections
LogInit:  - MaxHostConnections = 16  - Libcurl will limit the number of connections to a host
LogInit:  - LocalHostAddr = Default
LogInit:  - BufferSize = 65536
LogOnline: OSS: Creating online subsystem instance for: NULL
LogInit: WinSock: version 1.1 (2.2), MaxSocks=32767, MaxUdp=65467
LogOnline: OSS: TryLoadSubsystemAndSetDefault: Loaded subsystem for module [NULL]
LogOculusPluginWrapper: OculusPlugin initialized successfully
LogHMD: Failed initializing OVRPlugin 1.59.0
LogInit: Build: ++UE4+Release-4.27-CL-18319896
LogInit: Engine Version: 4.27.2-18319896+++UE4+Release-4.27
LogInit: Compatible Engine Version: 4.27.0-17155196+++UE4+Release-4.27
LogInit: Net CL: 17155196
LogInit: OS: Windows 10 (Release 2009) (), CPU: Intel(R) Core(TM) i7-7700 CPU @ 3.60GHz, GPU: NVIDIA GeForce GTX 1060 3GB
LogInit: Compiled (64-bit): Nov 30 2021 07:12:08
LogInit: Compiled with Visual C++: 19.24.28315.00
LogInit: Build Configuration: Development
LogInit: Branch Name: ++UE4+Release-4.27
LogInit: Command Line:  -EpicPortal -epicusername=xavimarin35 -epicuserid=9130677c9ca44f57890656ee9e3e7642 -epiclocale=es -epicsandboxid=ue
LogInit: Base Directory: B:/UE_4.27/Engine/Binaries/Win64/
LogInit: Allocator: TBB
LogInit: Installed Engine Build: 1
LogDevObjectVersion: Number of dev versions registered: 29
LogDevObjectVersion:   Dev-Blueprints (B0D832E4-1F89-4F0D-ACCF-7EB736FD4AA2): 10
LogDevObjectVersion:   Dev-Build (E1C64328-A22C-4D53-A36C-8E866417BD8C): 0
LogDevObjectVersion:   Dev-Core (375EC13C-06E4-48FB-B500-84F0262A717E): 4
LogDevObjectVersion:   Dev-Editor (E4B068ED-F494-42E9-A231-DA0B2E46BB41): 40
LogDevObjectVersion:   Dev-Framework (CFFC743F-43B0-4480-9391-14DF171D2073): 37
LogDevObjectVersion:   Dev-Mobile (B02B49B5-BB20-44E9-A304-32B752E40360): 3
LogDevObjectVersion:   Dev-Networking (A4E4105C-59A1-49B5-A7C5-40C4547EDFEE): 0
LogDevObjectVersion:   Dev-Online (39C831C9-5AE6-47DC-9A44-9C173E1C8E7C): 0
LogDevObjectVersion:   Dev-Physics (78F01B33-EBEA-4F98-B9B4-84EACCB95AA2): 14
LogDevObjectVersion:   Dev-Platform (6631380F-2D4D-43E0-8009-CF276956A95A): 0
LogDevObjectVersion:   Dev-Rendering (12F88B9F-8875-4AFC-A67C-D90C383ABD29): 45
LogDevObjectVersion:   Dev-Sequencer (7B5AE74C-D270-4C10-A958-57980B212A5A): 13
LogDevObjectVersion:   Dev-VR (D7296918-1DD6-4BDD-9DE2-64A83CC13884): 3
LogDevObjectVersion:   Dev-LoadTimes (C2A15278-BFE7-4AFE-6C17-90FF531DF755): 1
LogDevObjectVersion:   Private-Geometry (6EACA3D4-40EC-4CC1-B786-8BED09428FC5): 3
LogDevObjectVersion:   Dev-AnimPhys (29E575DD-E0A3-4627-9D10-D276232CDCEA): 17
LogDevObjectVersion:   Dev-Anim (AF43A65D-7FD3-4947-9873-3E8ED9C1BB05): 15
LogDevObjectVersion:   Dev-ReflectionCapture (6B266CEC-1EC7-4B8F-A30B-E4D90942FC07): 1
LogDevObjectVersion:   Dev-Automation (0DF73D61-A23F-47EA-B727-89E90C41499A): 1
LogDevObjectVersion:   FortniteMain (601D1886-AC64-4F84-AA16-D3DE0DEAC7D6): 47
LogDevObjectVersion:   FortniteRelease (E7086368-6B23-4C58-8439-1B7016265E91): 1
LogDevObjectVersion:   Dev-Enterprise (9DFFBCD6-494F-0158-E221-12823C92A888): 10
LogDevObjectVersion:   Dev-Niagara (F2AED0AC-9AFE-416F-8664-AA7FFA26D6FC): 1
LogDevObjectVersion:   Dev-Destruction (174F1F0B-B4C6-45A5-B13F-2EE8D0FB917D): 10
LogDevObjectVersion:   Dev-Physics-Ext (35F94A83-E258-406C-A318-09F59610247C): 41
LogDevObjectVersion:   Dev-PhysicsMaterial-Chaos (B68FC16E-8B1B-42E2-B453-215C058844FE): 1
LogDevObjectVersion:   Dev-CineCamera (B2E18506-4273-CFC2-A54E-F4BB758BBA07): 1
LogDevObjectVersion:   Dev-VirtualProduction (64F58936-FD1B-42BA-BA96-7289D5D0FA4E): 1
LogDevObjectVersion:   Dev-MediaFramework (6F0ED827-A609-4895-9C91-998D90180EA4): 2
LogInit: Presizing for max 25165824 objects, including 0 objects not considered by GC, pre-allocating 0 bytes for permanent pool.
LogConfig: Applying CVar settings from Section [/Script/Engine.StreamingSettings] File [D:/GitHub/Modular-Environment-TFG/MyProject/Saved/Config/Windows/Engine.ini]
LogConfig: Setting CVar [[s.MinBulkDataSizeForAsyncLoading:131072]]
LogConfig: Setting CVar [[s.AsyncLoadingThreadEnabled:0]]
LogConfig: Setting CVar [[s.EventDrivenLoaderEnabled:1]]
LogConfig: Setting CVar [[s.WarnIfTimeLimitExceeded:0]]
LogConfig: Setting CVar [[s.TimeLimitExceededMultiplier:1.5]]
LogConfig: Setting CVar [[s.TimeLimitExceededMinTime:0.005]]
LogConfig: Setting CVar [[s.UseBackgroundLevelStreaming:1]]
LogConfig: Setting CVar [[s.PriorityAsyncLoadingExtraTime:15.0]]
LogConfig: Setting CVar [[s.LevelStreamingActorsUpdateTimeLimit:5.0]]
LogConfig: Setting CVar [[s.PriorityLevelStreamingActorsUpdateExtraTime:5.0]]
LogConfig: Setting CVar [[s.LevelStreamingComponentsRegistrationGranularity:10]]
LogConfig: Setting CVar [[s.UnregisterComponentsTimeLimit:1.0]]
LogConfig: Setting CVar [[s.LevelStreamingComponentsUnregistrationGranularity:5]]
LogConfig: Setting CVar [[s.FlushStreamingOnExit:1]]
LogInit: Object subsystem initialized
LogConfig: Setting CVar [[con.DebugEarlyDefault:1]]
LogConfig: Setting CVar [[r.setres:1280x720]]
[2022.09.11-23.23.08:941][  0]LogConfig: Setting CVar [[r.VSync:0]]
[2022.09.11-23.23.08:941][  0]LogConfig: Setting CVar [[r.RHICmdBypass:0]]
[2022.09.11-23.23.08:941][  0]LogConfig: Applying CVar settings from Section [/Script/Engine.RendererSettings] File [D:/GitHub/Modular-Environment-TFG/MyProject/Saved/Config/Windows/Engine.ini]
[2022.09.11-23.23.08:941][  0]LogConfig: Setting CVar [[r.GPUCrashDebugging:0]]
[2022.09.11-23.23.08:941][  0]LogConfig: Applying CVar settings from Section [/Script/Engine.RendererOverrideSettings] File [D:/GitHub/Modular-Environment-TFG/MyProject/Saved/Config/Windows/Engine.ini]
[2022.09.11-23.23.08:941][  0]LogConfig: Applying CVar settings from Section [/Script/Engine.StreamingSettings] File [D:/GitHub/Modular-Environment-TFG/MyProject/Saved/Config/Windows/Engine.ini]
[2022.09.11-23.23.08:942][  0]LogConfig: Setting CVar [[s.MinBulkDataSizeForAsyncLoading:131072]]
[2022.09.11-23.23.08:942][  0]LogConfig: Setting CVar [[s.AsyncLoadingThreadEnabled:0]]
[2022.09.11-23.23.08:942][  0]LogConfig: Setting CVar [[s.EventDrivenLoaderEnabled:1]]
[2022.09.11-23.23.08:942][  0]LogConfig: Setting CVar [[s.WarnIfTimeLimitExceeded:0]]
[2022.09.11-23.23.08:942][  0]LogConfig: Setting CVar [[s.TimeLimitExceededMultiplier:1.5]]
[2022.09.11-23.23.08:942][  0]LogConfig: Setting CVar [[s.TimeLimitExceededMinTime:0.005]]
[2022.09.11-23.23.08:942][  0]LogConfig: Setting CVar [[s.UseBackgroundLevelStreaming:1]]
[2022.09.11-23.23.08:942][  0]LogConfig: Setting CVar [[s.PriorityAsyncLoadingExtraTime:15.0]]
[2022.09.11-23.23.08:942][  0]LogConfig: Setting CVar [[s.LevelStreamingActorsUpdateTimeLimit:5.0]]
[2022.09.11-23.23.08:942][  0]LogConfig: Setting CVar [[s.PriorityLevelStreamingActorsUpdateExtraTime:5.0]]
[2022.09.11-23.23.08:942][  0]LogConfig: Setting CVar [[s.LevelStreamingComponentsRegistrationGranularity:10]]
[2022.09.11-23.23.08:942][  0]LogConfig: Setting CVar [[s.UnregisterComponentsTimeLimit:1.0]]
[2022.09.11-23.23.08:942][  0]LogConfig: Setting CVar [[s.LevelStreamingComponentsUnregistrationGranularity:5]]
[2022.09.11-23.23.08:942][  0]LogConfig: Setting CVar [[s.FlushStreamingOnExit:1]]
[2022.09.11-23.23.08:942][  0]LogConfig: Applying CVar settings from Section [/Script/Engine.GarbageCollectionSettings] File [D:/GitHub/Modular-Environment-TFG/MyProject/Saved/Config/Windows/Engine.ini]
[2022.09.11-23.23.08:942][  0]LogConfig: Setting CVar [[gc.MaxObjectsNotConsideredByGC:1]]
[2022.09.11-23.23.08:942][  0]LogConfig: Setting CVar [[gc.SizeOfPermanentObjectPool:0]]
[2022.09.11-23.23.08:942][  0]LogConfig: Setting CVar [[gc.FlushStreamingOnGC:0]]
[2022.09.11-23.23.08:942][  0]LogConfig: Setting CVar [[gc.NumRetriesBeforeForcingGC:10]]
[2022.09.11-23.23.08:942][  0]LogConfig: Setting CVar [[gc.AllowParallelGC:1]]
[2022.09.11-23.23.08:942][  0]LogConfig: Setting CVar [[gc.TimeBetweenPurgingPendingKillObjects:61.1]]
[2022.09.11-23.23.08:942][  0]LogConfig: Setting CVar [[gc.MaxObjectsInEditor:25165824]]
[2022.09.11-23.23.08:942][  0]LogConfig: Setting CVar [[gc.IncrementalBeginDestroyEnabled:1]]
[2022.09.11-23.23.08:942][  0]LogConfig: Setting CVar [[gc.CreateGCClusters:1]]
[2022.09.11-23.23.08:942][  0]LogConfig: Setting CVar [[gc.MinGCClusterSize:5]]
[2022.09.11-23.23.08:942][  0]LogConfig: Setting CVar [[gc.ActorClusteringEnabled:0]]
[2022.09.11-23.23.08:942][  0]LogConfig: Setting CVar [[gc.BlueprintClusteringEnabled:0]]
[2022.09.11-23.23.08:942][  0]LogConfig: Setting CVar [[gc.UseDisregardForGCOnDedicatedServers:0]]
[2022.09.11-23.23.08:942][  0]LogConfig: Setting CVar [[gc.MultithreadedDestructionEnabled:1]]
[2022.09.11-23.23.08:942][  0]LogConfig: Applying CVar settings from Section [/Script/Engine.NetworkSettings] File [D:/GitHub/Modular-Environment-TFG/MyProject/Saved/Config/Windows/Engine.ini]
[2022.09.11-23.23.08:942][  0]LogConfig: Applying CVar settings from Section [/Script/UnrealEd.CookerSettings] File [D:/GitHub/Modular-Environment-TFG/MyProject/Saved/Config/Windows/Engine.ini]
[2022.09.11-23.23.08:955][  0]LogConfig: Applying CVar settings from Section [ViewDistanceQuality@3] File [D:/GitHub/Modular-Environment-TFG/MyProject/Saved/Config/Windows/Scalability.ini]
[2022.09.11-23.23.08:955][  0]LogConfig: Setting CVar [[r.SkeletalMeshLODBias:0]]
[2022.09.11-23.23.08:955][  0]LogConfig: Setting CVar [[r.ViewDistanceScale:1.0]]
[2022.09.11-23.23.08:955][  0]LogConfig: Applying CVar settings from Section [AntiAliasingQuality@3] File [D:/GitHub/Modular-Environment-TFG/MyProject/Saved/Config/Windows/Scalability.ini]
[2022.09.11-23.23.08:955][  0]LogConfig: Setting CVar [[r.PostProcessAAQuality:4]]
[2022.09.11-23.23.08:955][  0]LogConfig: Applying CVar settings from Section [ShadowQuality@3] File [D:/GitHub/Modular-Environment-TFG/MyProject/Saved/Config/Windows/Scalability.ini]
[2022.09.11-23.23.08:955][  0]LogConfig: Setting CVar [[r.LightFunctionQuality:1]]
[2022.09.11-23.23.08:955][  0]LogConfig: Setting CVar [[r.ShadowQuality:5]]
[2022.09.11-23.23.08:955][  0]LogConfig: Setting CVar [[r.Shadow.CSM.MaxCascades:10]]
[2022.09.11-23.23.08:955][  0]LogConfig: Setting CVar [[r.Shadow.MaxResolution:2048]]
[2022.09.11-23.23.08:955][  0]LogConfig: Setting CVar [[r.Shadow.MaxCSMResolution:2048]]
[2022.09.11-23.23.08:955][  0]LogConfig: Setting CVar [[r.Shadow.RadiusThreshold:0.01]]
[2022.09.11-23.23.08:955][  0]LogConfig: Setting CVar [[r.Shadow.DistanceScale:1.0]]
[2022.09.11-23.23.08:955][  0]LogConfig: Setting CVar [[r.Shadow.CSM.TransitionScale:1.0]]
[2022.09.11-23.23.08:955][  0]LogConfig: Setting CVar [[r.Shadow.PreShadowResolutionFactor:1.0]]
[2022.09.11-23.23.08:955][  0]LogConfig: Setting CVar [[r.DistanceFieldShadowing:1]]
[2022.09.11-23.23.08:955][  0]LogConfig: Setting CVar [[r.DistanceFieldAO:1]]
[2022.09.11-23.23.08:955][  0]LogConfig: Setting CVar [[r.AOQuality:2]]
[2022.09.11-23.23.08:955][  0]LogConfig: Setting CVar [[r.VolumetricFog:1]]
[2022.09.11-23.23.08:955][  0]LogConfig: Setting CVar [[r.VolumetricFog.GridPixelSize:8]]
[2022.09.11-23.23.08:955][  0]LogConfig: Setting CVar [[r.VolumetricFog.GridSizeZ:128]]
[2022.09.11-23.23.08:955][  0]LogConfig: Setting CVar [[r.VolumetricFog.HistoryMissSupersampleCount:4]]
[2022.09.11-23.23.08:955][  0]LogConfig: Setting CVar [[r.LightMaxDrawDistanceScale:1]]
[2022.09.11-23.23.08:955][  0]LogConfig: Setting CVar [[r.CapsuleShadows:1]]
[2022.09.11-23.23.08:955][  0]LogConfig: Applying CVar settings from Section [PostProcessQuality@3] File [D:/GitHub/Modular-Environment-TFG/MyProject/Saved/Config/Windows/Scalability.ini]
[2022.09.11-23.23.08:955][  0]LogConfig: Setting CVar [[r.MotionBlurQuality:4]]
[2022.09.11-23.23.08:955][  0]LogConfig: Setting CVar [[r.AmbientOcclusionMipLevelFactor:0.4]]
[2022.09.11-23.23.08:955][  0]LogConfig: Setting CVar [[r.AmbientOcclusionMaxQuality:100]]
[2022.09.11-23.23.08:955][  0]LogConfig: Setting CVar [[r.AmbientOcclusionLevels:-1]]
[2022.09.11-23.23.08:955][  0]LogConfig: Setting CVar [[r.AmbientOcclusionRadiusScale:1.0]]
[2022.09.11-23.23.08:955][  0]LogConfig: Setting CVar [[r.DepthOfFieldQuality:2]]
[2022.09.11-23.23.08:955][  0]LogConfig: Setting CVar [[r.RenderTargetPoolMin:400]]
[2022.09.11-23.23.08:955][  0]LogConfig: Setting CVar [[r.LensFlareQuality:2]]
[2022.09.11-23.23.08:955][  0]LogConfig: Setting CVar [[r.SceneColorFringeQuality:1]]
[2022.09.11-23.23.08:955][  0]LogConfig: Setting CVar [[r.EyeAdaptationQuality:2]]
[2022.09.11-23.23.08:955][  0]LogConfig: Setting CVar [[r.BloomQuality:5]]
[2022.09.11-23.23.08:955][  0]LogConfig: Setting CVar [[r.FastBlurThreshold:100]]
[2022.09.11-23.23.08:955][  0]LogConfig: Setting CVar [[r.Upscale.Quality:3]]
[2022.09.11-23.23.08:955][  0]LogConfig: Setting CVar [[r.Tonemapper.GrainQuantization:1]]
[2022.09.11-23.23.08:955][  0]LogConfig: Setting CVar [[r.LightShaftQuality:1]]
[2022.09.11-23.23.08:955][  0]LogConfig: Setting CVar [[r.Filter.SizeScale:1]]
[2022.09.11-23.23.08:955][  0]LogConfig: Setting CVar [[r.Tonemapper.Quality:5]]
[2022.09.11-23.23.08:955][  0]LogConfig: Setting CVar [[r.DOF.Gather.AccumulatorQuality:1        ; higher gathering accumulator quality]]
[2022.09.11-23.23.08:955][  0]LogConfig: Setting CVar [[r.DOF.Gather.PostfilterMethod:1          ; Median3x3 postfilering method]]
[2022.09.11-23.23.08:955][  0]LogConfig: Setting CVar [[r.DOF.Gather.EnableBokehSettings:0       ; no bokeh simulation when gathering]]
[2022.09.11-23.23.08:955][  0]LogConfig: Setting CVar [[r.DOF.Gather.RingCount:4                 ; medium number of samples when gathering]]
[2022.09.11-23.23.08:955][  0]LogConfig: Setting CVar [[r.DOF.Scatter.ForegroundCompositing:1    ; additive foreground scattering]]
[2022.09.11-23.23.08:955][  0]LogConfig: Setting CVar [[r.DOF.Scatter.BackgroundCompositing:2    ; additive background scattering]]
[2022.09.11-23.23.08:955][  0]LogConfig: Setting CVar [[r.DOF.Scatter.EnableBokehSettings:1      ; bokeh simulation when scattering]]
[2022.09.11-23.23.08:955][  0]LogConfig: Setting CVar [[r.DOF.Scatter.MaxSpriteRatio:0.1         ; only a maximum of 10% of scattered bokeh]]
[2022.09.11-23.23.08:955][  0]LogConfig: Setting CVar [[r.DOF.Recombine.Quality:1                ; cheap slight out of focus]]
[2022.09.11-23.23.08:955][  0]LogConfig: Setting CVar [[r.DOF.Recombine.EnableBokehSettings:0    ; no bokeh simulation on slight out of focus]]
[2022.09.11-23.23.08:955][  0]LogConfig: Setting CVar [[r.DOF.TemporalAAQuality:1                ; more stable temporal accumulation]]
[2022.09.11-23.23.08:955][  0]LogConfig: Setting CVar [[r.DOF.Kernel.MaxForegroundRadius:0.025]]
[2022.09.11-23.23.08:955][  0]LogConfig: Setting CVar [[r.DOF.Kernel.MaxBackgroundRadius:0.025]]
[2022.09.11-23.23.08:955][  0]LogConfig: Applying CVar settings from Section [TextureQuality@3] File [D:/GitHub/Modular-Environment-TFG/MyProject/Saved/Config/Windows/Scalability.ini]
[2022.09.11-23.23.08:956][  0]LogConfig: Setting CVar [[r.Streaming.MipBias:0]]
[2022.09.11-23.23.08:956][  0]LogConfig: Setting CVar [[r.Streaming.AmortizeCPUToGPUCopy:0]]
[2022.09.11-23.23.08:956][  0]LogConfig: Setting CVar [[r.Streaming.MaxNumTexturesToStreamPerFrame:0]]
[2022.09.11-23.23.08:956][  0]LogConfig: Setting CVar [[r.Streaming.Boost:1]]
[2022.09.11-23.23.08:956][  0]LogConfig: Setting CVar [[r.MaxAnisotropy:8]]
[2022.09.11-23.23.08:956][  0]LogConfig: Setting CVar [[r.VT.MaxAnisotropy:8]]
[2022.09.11-23.23.08:956][  0]LogConfig: Setting CVar [[r.Streaming.LimitPoolSizeToVRAM:0]]
[2022.09.11-23.23.08:956][  0]LogConfig: Setting CVar [[r.Streaming.PoolSize:1000]]
[2022.09.11-23.23.08:956][  0]LogConfig: Setting CVar [[r.Streaming.MaxEffectiveScreenSize:0]]
[2022.09.11-23.23.08:956][  0]LogConfig: Applying CVar settings from Section [EffectsQuality@3] File [D:/GitHub/Modular-Environment-TFG/MyProject/Saved/Config/Windows/Scalability.ini]
[2022.09.11-23.23.08:956][  0]LogConfig: Setting CVar [[r.TranslucencyLightingVolumeDim:64]]
[2022.09.11-23.23.08:956][  0]LogConfig: Setting CVar [[r.RefractionQuality:2]]
[2022.09.11-23.23.08:956][  0]LogConfig: Setting CVar [[r.SSR.Quality:3]]
[2022.09.11-23.23.08:956][  0]LogConfig: Setting CVar [[r.SSR.HalfResSceneColor:0]]
[2022.09.11-23.23.08:956][  0]LogConfig: Setting CVar [[r.SceneColorFormat:4]]
[2022.09.11-23.23.08:956][  0]LogConfig: Setting CVar [[r.DetailMode:2]]
[2022.09.11-23.23.08:956][  0]LogConfig: Setting CVar [[r.TranslucencyVolumeBlur:1]]
[2022.09.11-23.23.08:956][  0]LogConfig: Setting CVar [[r.MaterialQualityLevel:1 ; High quality]]
[2022.09.11-23.23.08:956][  0]LogConfig: Setting CVar [[r.AnisotropicMaterials:1]]
[2022.09.11-23.23.08:956][  0]LogConfig: Setting CVar [[r.SSS.Scale:1]]
[2022.09.11-23.23.08:956][  0]LogConfig: Setting CVar [[r.SSS.SampleSet:2]]
[2022.09.11-23.23.08:956][  0]LogConfig: Setting CVar [[r.SSS.Quality:1]]
[2022.09.11-23.23.08:956][  0]LogConfig: Setting CVar [[r.SSS.HalfRes:0]]
[2022.09.11-23.23.08:956][  0]LogConfig: Setting CVar [[r.SSGI.Quality:3]]
[2022.09.11-23.23.08:956][  0]LogConfig: Setting CVar [[r.EmitterSpawnRateScale:1.0]]
[2022.09.11-23.23.08:956][  0]LogConfig: Setting CVar [[r.ParticleLightQuality:2]]
[2022.09.11-23.23.08:956][  0]LogConfig: Setting CVar [[r.SkyAtmosphere.AerialPerspectiveLUT.FastApplyOnOpaque:1 ; Always have FastSkyLUT 1 in this case to avoid wrong sky]]
[2022.09.11-23.23.08:956][  0]LogConfig: Setting CVar [[r.SkyAtmosphere.AerialPerspectiveLUT.SampleCountMaxPerSlice:4]]
[2022.09.11-23.23.08:956][  0]LogConfig: Setting CVar [[r.SkyAtmosphere.AerialPerspectiveLUT.DepthResolution:16.0]]
[2022.09.11-23.23.08:956][  0]LogConfig: Setting CVar [[r.SkyAtmosphere.FastSkyLUT:1]]
[2022.09.11-23.23.08:956][  0]LogConfig: Setting CVar [[r.SkyAtmosphere.FastSkyLUT.SampleCountMin:4.0]]
[2022.09.11-23.23.08:956][  0]LogConfig: Setting CVar [[r.SkyAtmosphere.FastSkyLUT.SampleCountMax:128.0]]
[2022.09.11-23.23.08:956][  0]LogConfig: Setting CVar [[r.SkyAtmosphere.SampleCountMin:4.0]]
[2022.09.11-23.23.08:956][  0]LogConfig: Setting CVar [[r.SkyAtmosphere.SampleCountMax:128.0]]
[2022.09.11-23.23.08:956][  0]LogConfig: Setting CVar [[r.SkyAtmosphere.TransmittanceLUT.UseSmallFormat:0]]
[2022.09.11-23.23.08:956][  0]LogConfig: Setting CVar [[r.SkyAtmosphere.TransmittanceLUT.SampleCount:10.0]]
[2022.09.11-23.23.08:956][  0]LogConfig: Setting CVar [[r.SkyAtmosphere.MultiScatteringLUT.SampleCount:15.0]]
[2022.09.11-23.23.08:956][  0]LogConfig: Setting CVar [[r.SkyLight.RealTimeReflectionCapture:1]]
[2022.09.11-23.23.08:956][  0]LogConfig: Applying CVar settings from Section [FoliageQuality@3] File [D:/GitHub/Modular-Environment-TFG/MyProject/Saved/Config/Windows/Scalability.ini]
[2022.09.11-23.23.08:956][  0]LogConfig: Setting CVar [[foliage.DensityScale:1.0]]
[2022.09.11-23.23.08:956][  0]LogConfig: Setting CVar [[grass.DensityScale:1.0]]
[2022.09.11-23.23.08:956][  0]LogConfig: Applying CVar settings from Section [ShadingQuality@3] File [D:/GitHub/Modular-Environment-TFG/MyProject/Saved/Config/Windows/Scalability.ini]
[2022.09.11-23.23.08:956][  0]LogConfig: Setting CVar [[r.HairStrands.SkyLighting.IntegrationType:2]]
[2022.09.11-23.23.08:956][  0]LogConfig: Setting CVar [[r.HairStrands.SkyAO.SampleCount:4]]
[2022.09.11-23.23.08:956][  0]LogConfig: Setting CVar [[r.HairStrands.Visibility.MSAA.SamplePerPixel:4]]
[2022.09.11-23.23.08:956][  0]LogInit: Selected Device Profile: [Windows]
[2022.09.11-23.23.08:956][  0]LogInit: Applying CVar settings loaded from the selected device profile: [Windows]
[2022.09.11-23.23.08:956][  0]LogHAL: Display: Platform has ~ 16 GB [17137700864 / 17179869184 / 16], which maps to Larger [LargestMinGB=32, LargerMinGB=12, DefaultMinGB=8, SmallerMinGB=6, SmallestMinGB=0)
[2022.09.11-23.23.08:956][  0]LogInit: Going up to parent DeviceProfile []
[2022.09.11-23.23.08:956][  0]LogConfig: Applying CVar settings from Section [ViewDistanceQuality@3] File [D:/GitHub/Modular-Environment-TFG/MyProject/Saved/Config/Windows/Scalability.ini]
[2022.09.11-23.23.08:956][  0]LogConfig: Setting CVar [[r.SkeletalMeshLODBias:0]]
[2022.09.11-23.23.08:956][  0]LogConfig: Setting CVar [[r.ViewDistanceScale:1.0]]
[2022.09.11-23.23.08:956][  0]LogConfig: Applying CVar settings from Section [AntiAliasingQuality@3] File [D:/GitHub/Modular-Environment-TFG/MyProject/Saved/Config/Windows/Scalability.ini]
[2022.09.11-23.23.08:956][  0]LogConfig: Setting CVar [[r.PostProcessAAQuality:4]]
[2022.09.11-23.23.08:956][  0]LogConfig: Applying CVar settings from Section [ShadowQuality@3] File [D:/GitHub/Modular-Environment-TFG/MyProject/Saved/Config/Windows/Scalability.ini]
[2022.09.11-23.23.08:956][  0]LogConfig: Setting CVar [[r.LightFunctionQuality:1]]
[2022.09.11-23.23.08:956][  0]LogConfig: Setting CVar [[r.ShadowQuality:5]]
[2022.09.11-23.23.08:956][  0]LogConfig: Setting CVar [[r.Shadow.CSM.MaxCascades:10]]
[2022.09.11-23.23.08:956][  0]LogConfig: Setting CVar [[r.Shadow.MaxResolution:2048]]
[2022.09.11-23.23.08:956][  0]LogConfig: Setting CVar [[r.Shadow.MaxCSMResolution:2048]]
[2022.09.11-23.23.08:956][  0]LogConfig: Setting CVar [[r.Shadow.RadiusThreshold:0.01]]
[2022.09.11-23.23.08:956][  0]LogConfig: Setting CVar [[r.Shadow.DistanceScale:1.0]]
[2022.09.11-23.23.08:956][  0]LogConfig: Setting CVar [[r.Shadow.CSM.TransitionScale:1.0]]
[2022.09.11-23.23.08:956][  0]LogConfig: Setting CVar [[r.Shadow.PreShadowResolutionFactor:1.0]]
[2022.09.11-23.23.08:956][  0]LogConfig: Setting CVar [[r.DistanceFieldShadowing:1]]
[2022.09.11-23.23.08:956][  0]LogConfig: Setting CVar [[r.DistanceFieldAO:1]]
[2022.09.11-23.23.08:956][  0]LogConfig: Setting CVar [[r.AOQuality:2]]
[2022.09.11-23.23.08:956][  0]LogConfig: Setting CVar [[r.VolumetricFog:1]]
[2022.09.11-23.23.08:956][  0]LogConfig: Setting CVar [[r.VolumetricFog.GridPixelSize:8]]
[2022.09.11-23.23.08:956][  0]LogConfig: Setting CVar [[r.VolumetricFog.GridSizeZ:128]]
[2022.09.11-23.23.08:956][  0]LogConfig: Setting CVar [[r.VolumetricFog.HistoryMissSupersampleCount:4]]
[2022.09.11-23.23.08:956][  0]LogConfig: Setting CVar [[r.LightMaxDrawDistanceScale:1]]
[2022.09.11-23.23.08:956][  0]LogConfig: Setting CVar [[r.CapsuleShadows:1]]
[2022.09.11-23.23.08:956][  0]LogConfig: Applying CVar settings from Section [PostProcessQuality@3] File [D:/GitHub/Modular-Environment-TFG/MyProject/Saved/Config/Windows/Scalability.ini]
[2022.09.11-23.23.08:956][  0]LogConfig: Setting CVar [[r.MotionBlurQuality:4]]
[2022.09.11-23.23.08:956][  0]LogConfig: Setting CVar [[r.AmbientOcclusionMipLevelFactor:0.4]]
[2022.09.11-23.23.08:956][  0]LogConfig: Setting CVar [[r.AmbientOcclusionMaxQuality:100]]
[2022.09.11-23.23.08:956][  0]LogConfig: Setting CVar [[r.AmbientOcclusionLevels:-1]]
[2022.09.11-23.23.08:957][  0]LogConfig: Setting CVar [[r.AmbientOcclusionRadiusScale:1.0]]
[2022.09.11-23.23.08:957][  0]LogConfig: Setting CVar [[r.DepthOfFieldQuality:2]]
[2022.09.11-23.23.08:957][  0]LogConfig: Setting CVar [[r.RenderTargetPoolMin:400]]
[2022.09.11-23.23.08:957][  0]LogConfig: Setting CVar [[r.LensFlareQuality:2]]
[2022.09.11-23.23.08:957][  0]LogConfig: Setting CVar [[r.SceneColorFringeQuality:1]]
[2022.09.11-23.23.08:957][  0]LogConfig: Setting CVar [[r.EyeAdaptationQuality:2]]
[2022.09.11-23.23.08:957][  0]LogConfig: Setting CVar [[r.BloomQuality:5]]
[2022.09.11-23.23.08:957][  0]LogConfig: Setting CVar [[r.FastBlurThreshold:100]]
[2022.09.11-23.23.08:957][  0]LogConfig: Setting CVar [[r.Upscale.Quality:3]]
[2022.09.11-23.23.08:957][  0]LogConfig: Setting CVar [[r.Tonemapper.GrainQuantization:1]]
[2022.09.11-23.23.08:957][  0]LogConfig: Setting CVar [[r.LightShaftQuality:1]]
[2022.09.11-23.23.08:957][  0]LogConfig: Setting CVar [[r.Filter.SizeScale:1]]
[2022.09.11-23.23.08:957][  0]LogConfig: Setting CVar [[r.Tonemapper.Quality:5]]
[2022.09.11-23.23.08:957][  0]LogConfig: Setting CVar [[r.DOF.Gather.AccumulatorQuality:1        ; higher gathering accumulator quality]]
[2022.09.11-23.23.08:957][  0]LogConfig: Setting CVar [[r.DOF.Gather.PostfilterMethod:1          ; Median3x3 postfilering method]]
[2022.09.11-23.23.08:957][  0]LogConfig: Setting CVar [[r.DOF.Gather.EnableBokehSettings:0       ; no bokeh simulation when gathering]]
[2022.09.11-23.23.08:957][  0]LogConfig: Setting CVar [[r.DOF.Gather.RingCount:4                 ; medium number of samples when gathering]]
[2022.09.11-23.23.08:957][  0]LogConfig: Setting CVar [[r.DOF.Scatter.ForegroundCompositing:1    ; additive foreground scattering]]
[2022.09.11-23.23.08:957][  0]LogConfig: Setting CVar [[r.DOF.Scatter.BackgroundCompositing:2    ; additive background scattering]]
[2022.09.11-23.23.08:957][  0]LogConfig: Setting CVar [[r.DOF.Scatter.EnableBokehSettings:1      ; bokeh simulation when scattering]]
[2022.09.11-23.23.08:957][  0]LogConfig: Setting CVar [[r.DOF.Scatter.MaxSpriteRatio:0.1         ; only a maximum of 10% of scattered bokeh]]
[2022.09.11-23.23.08:957][  0]LogConfig: Setting CVar [[r.DOF.Recombine.Quality:1                ; cheap slight out of focus]]
[2022.09.11-23.23.08:957][  0]LogConfig: Setting CVar [[r.DOF.Recombine.EnableBokehSettings:0    ; no bokeh simulation on slight out of focus]]
[2022.09.11-23.23.08:957][  0]LogConfig: Setting CVar [[r.DOF.TemporalAAQuality:1                ; more stable temporal accumulation]]
[2022.09.11-23.23.08:957][  0]LogConfig: Setting CVar [[r.DOF.Kernel.MaxForegroundRadius:0.025]]
[2022.09.11-23.23.08:957][  0]LogConfig: Setting CVar [[r.DOF.Kernel.MaxBackgroundRadius:0.025]]
[2022.09.11-23.23.08:957][  0]LogConfig: Applying CVar settings from Section [TextureQuality@3] File [D:/GitHub/Modular-Environment-TFG/MyProject/Saved/Config/Windows/Scalability.ini]
[2022.09.11-23.23.08:957][  0]LogConfig: Setting CVar [[r.Streaming.MipBias:0]]
[2022.09.11-23.23.08:957][  0]LogConfig: Setting CVar [[r.Streaming.AmortizeCPUToGPUCopy:0]]
[2022.09.11-23.23.08:957][  0]LogConfig: Setting CVar [[r.Streaming.MaxNumTexturesToStreamPerFrame:0]]
[2022.09.11-23.23.08:957][  0]LogConfig: Setting CVar [[r.Streaming.Boost:1]]
[2022.09.11-23.23.08:957][  0]LogConfig: Setting CVar [[r.MaxAnisotropy:8]]
[2022.09.11-23.23.08:957][  0]LogConfig: Setting CVar [[r.VT.MaxAnisotropy:8]]
[2022.09.11-23.23.08:957][  0]LogConfig: Setting CVar [[r.Streaming.LimitPoolSizeToVRAM:0]]
[2022.09.11-23.23.08:957][  0]LogConfig: Setting CVar [[r.Streaming.PoolSize:1000]]
[2022.09.11-23.23.08:957][  0]LogConfig: Setting CVar [[r.Streaming.MaxEffectiveScreenSize:0]]
[2022.09.11-23.23.08:957][  0]LogConfig: Applying CVar settings from Section [EffectsQuality@3] File [D:/GitHub/Modular-Environment-TFG/MyProject/Saved/Config/Windows/Scalability.ini]
[2022.09.11-23.23.08:957][  0]LogConfig: Setting CVar [[r.TranslucencyLightingVolumeDim:64]]
[2022.09.11-23.23.08:957][  0]LogConfig: Setting CVar [[r.RefractionQuality:2]]
[2022.09.11-23.23.08:957][  0]LogConfig: Setting CVar [[r.SSR.Quality:3]]
[2022.09.11-23.23.08:957][  0]LogConfig: Setting CVar [[r.SSR.HalfResSceneColor:0]]
[2022.09.11-23.23.08:957][  0]LogConfig: Setting CVar [[r.SceneColorFormat:4]]
[2022.09.11-23.23.08:957][  0]LogConfig: Setting CVar [[r.DetailMode:2]]
[2022.09.11-23.23.08:957][  0]LogConfig: Setting CVar [[r.TranslucencyVolumeBlur:1]]
[2022.09.11-23.23.08:957][  0]LogConfig: Setting CVar [[r.MaterialQualityLevel:1 ; High quality]]
[2022.09.11-23.23.08:957][  0]LogConfig: Setting CVar [[r.AnisotropicMaterials:1]]
[2022.09.11-23.23.08:957][  0]LogConfig: Setting CVar [[r.SSS.Scale:1]]
[2022.09.11-23.23.08:957][  0]LogConfig: Setting CVar [[r.SSS.SampleSet:2]]
[2022.09.11-23.23.08:957][  0]LogConfig: Setting CVar [[r.SSS.Quality:1]]
[2022.09.11-23.23.08:957][  0]LogConfig: Setting CVar [[r.SSS.HalfRes:0]]
[2022.09.11-23.23.08:957][  0]LogConfig: Setting CVar [[r.SSGI.Quality:3]]
[2022.09.11-23.23.08:957][  0]LogConfig: Setting CVar [[r.EmitterSpawnRateScale:1.0]]
[2022.09.11-23.23.08:957][  0]LogConfig: Setting CVar [[r.ParticleLightQuality:2]]
[2022.09.11-23.23.08:957][  0]LogConfig: Setting CVar [[r.SkyAtmosphere.AerialPerspectiveLUT.FastApplyOnOpaque:1 ; Always have FastSkyLUT 1 in this case to avoid wrong sky]]
[2022.09.11-23.23.08:957][  0]LogConfig: Setting CVar [[r.SkyAtmosphere.AerialPerspectiveLUT.SampleCountMaxPerSlice:4]]
[2022.09.11-23.23.08:957][  0]LogConfig: Setting CVar [[r.SkyAtmosphere.AerialPerspectiveLUT.DepthResolution:16.0]]
[2022.09.11-23.23.08:957][  0]LogConfig: Setting CVar [[r.SkyAtmosphere.FastSkyLUT:1]]
[2022.09.11-23.23.08:957][  0]LogConfig: Setting CVar [[r.SkyAtmosphere.FastSkyLUT.SampleCountMin:4.0]]
[2022.09.11-23.23.08:957][  0]LogConfig: Setting CVar [[r.SkyAtmosphere.FastSkyLUT.SampleCountMax:128.0]]
[2022.09.11-23.23.08:957][  0]LogConfig: Setting CVar [[r.SkyAtmosphere.SampleCountMin:4.0]]
[2022.09.11-23.23.08:957][  0]LogConfig: Setting CVar [[r.SkyAtmosphere.SampleCountMax:128.0]]
[2022.09.11-23.23.08:957][  0]LogConfig: Setting CVar [[r.SkyAtmosphere.TransmittanceLUT.UseSmallFormat:0]]
[2022.09.11-23.23.08:957][  0]LogConfig: Setting CVar [[r.SkyAtmosphere.TransmittanceLUT.SampleCount:10.0]]
[2022.09.11-23.23.08:957][  0]LogConfig: Setting CVar [[r.SkyAtmosphere.MultiScatteringLUT.SampleCount:15.0]]
[2022.09.11-23.23.08:957][  0]LogConfig: Setting CVar [[r.SkyLight.RealTimeReflectionCapture:1]]
[2022.09.11-23.23.08:957][  0]LogConfig: Applying CVar settings from Section [FoliageQuality@3] File [D:/GitHub/Modular-Environment-TFG/MyProject/Saved/Config/Windows/Scalability.ini]
[2022.09.11-23.23.08:957][  0]LogConfig: Setting CVar [[foliage.DensityScale:1.0]]
[2022.09.11-23.23.08:957][  0]LogConfig: Setting CVar [[grass.DensityScale:1.0]]
[2022.09.11-23.23.08:958][  0]LogConfig: Applying CVar settings from Section [ShadingQuality@3] File [D:/GitHub/Modular-Environment-TFG/MyProject/Saved/Config/Windows/Scalability.ini]
[2022.09.11-23.23.08:958][  0]LogConfig: Setting CVar [[r.HairStrands.SkyLighting.IntegrationType:2]]
[2022.09.11-23.23.08:958][  0]LogConfig: Setting CVar [[r.HairStrands.SkyAO.SampleCount:4]]
[2022.09.11-23.23.08:958][  0]LogConfig: Setting CVar [[r.HairStrands.Visibility.MSAA.SamplePerPixel:4]]
[2022.09.11-23.23.08:958][  0]LogConfig: Applying CVar settings from Section [Startup] File [../../../Engine/Config/ConsoleVariables.ini]
[2022.09.11-23.23.08:958][  0]LogConfig: Setting CVar [[net.UseAdaptiveNetUpdateFrequency:0]]
[2022.09.11-23.23.08:958][  0]LogConfig: Setting CVar [[p.chaos.AllowCreatePhysxBodies:1]]
[2022.09.11-23.23.08:958][  0]LogConfig: Setting CVar [[fx.SkipVectorVMBackendOptimizations:1]]
[2022.09.11-23.23.08:958][  0]LogConfig: Applying CVar settings from Section [ConsoleVariables] File [D:/GitHub/Modular-Environment-TFG/MyProject/Saved/Config/Windows/Engine.ini]
[2022.09.11-23.23.08:958][  0]LogConfig: Applying CVar settings from Section [ConsoleVariables] File [D:/GitHub/Modular-Environment-TFG/MyProject/Saved/Config/Windows/Editor.ini]
[2022.09.11-23.23.08:958][  0]LogInit: Computer: XAVI
[2022.09.11-23.23.08:958][  0]LogInit: User: Marin
[2022.09.11-23.23.08:958][  0]LogInit: CPU Page size=4096, Cores=4
[2022.09.11-23.23.08:958][  0]LogInit: High frequency timer resolution =10.000000 MHz
[2022.09.11-23.23.08:958][  0]LogMemory: Memory total: Physical=16.0GB (16GB approx)
[2022.09.11-23.23.08:958][  0]LogMemory: Platform Memory Stats for Windows
[2022.09.11-23.23.08:958][  0]LogMemory: Process Physical Memory: 143.65 MB used, 143.66 MB peak
[2022.09.11-23.23.08:958][  0]LogMemory: Process Virtual Memory: 120.27 MB used, 120.27 MB peak
[2022.09.11-23.23.08:958][  0]LogMemory: Physical Memory: 10770.16 MB used,  5573.62 MB free, 16343.79 MB total
[2022.09.11-23.23.08:958][  0]LogMemory: Virtual Memory: 134207800.00 MB used,  9929.04 MB free, 134217728.00 MB total
[2022.09.11-23.23.08:963][  0]LogWindows: WindowsPlatformFeatures enabled
[2022.09.11-23.23.09:002][  0]LogInit: Physics initialised using underlying interface: PhysX
[2022.09.11-23.23.09:003][  0]LogInit: Overriding language with editor language configuration option (en).
[2022.09.11-23.23.09:003][  0]LogInit: Using OS detected locale (es-ES).
[2022.09.11-23.23.09:179][  0]LogInit: Setting process to per monitor DPI aware
[2022.09.11-23.23.09:193][  0]LogWindowsTextInputMethodSystem: Display: IME system deactivated.
[2022.09.11-23.23.09:210][  0]LogSlate: New Slate User Created.  User Index 0, Is Virtual User: 0
[2022.09.11-23.23.09:210][  0]LogSlate: Slate User Registered.  User Index 0, Is Virtual User: 0
[2022.09.11-23.23.09:330][  0]LogD3D11RHI: Loaded GFSDK_Aftermath_Lib.x64.dll
[2022.09.11-23.23.09:332][  0]LogHMD: Failed to initialize OpenVR with code 110
[2022.09.11-23.23.09:332][  0]LogD3D11RHI: D3D11 min allowed feature level: 11_0
[2022.09.11-23.23.09:332][  0]LogD3D11RHI: D3D11 max allowed feature level: 11_0
[2022.09.11-23.23.09:332][  0]LogD3D11RHI: D3D11 adapters:
[2022.09.11-23.23.09:438][  0]LogD3D11RHI:    0. 'NVIDIA GeForce GTX 1060 3GB' (Feature Level 11_0)
[2022.09.11-23.23.09:438][  0]LogD3D11RHI:       2988/0/8171 MB DedicatedVideo/DedicatedSystem/SharedSystem, Outputs:2, VendorId:0x10de
[2022.09.11-23.23.09:440][  0]LogD3D11RHI:    1. 'Microsoft Basic Render Driver' (Feature Level 11_0)
[2022.09.11-23.23.09:440][  0]LogD3D11RHI:       0/0/8171 MB DedicatedVideo/DedicatedSystem/SharedSystem, Outputs:0, VendorId:0x1414
[2022.09.11-23.23.09:440][  0]LogD3D11RHI: Chosen D3D11 Adapter:
[2022.09.11-23.23.09:440][  0]LogD3D11RHI:     Description : NVIDIA GeForce GTX 1060 3GB
[2022.09.11-23.23.09:440][  0]LogD3D11RHI:     VendorId    : 10de
[2022.09.11-23.23.09:440][  0]LogD3D11RHI:     DeviceId    : 1c02
[2022.09.11-23.23.09:440][  0]LogD3D11RHI:     SubSysId    : 37241458
[2022.09.11-23.23.09:440][  0]LogD3D11RHI:     Revision    : 00a1
[2022.09.11-23.23.09:440][  0]LogD3D11RHI:     DedicatedVideoMemory : 3133145088 bytes
[2022.09.11-23.23.09:440][  0]LogD3D11RHI:     DedicatedSystemMemory : 0 bytes
[2022.09.11-23.23.09:440][  0]LogD3D11RHI:     SharedSystemMemory : 8568850432 bytes
[2022.09.11-23.23.09:440][  0]LogD3D11RHI:     AdapterLuid : 0 41930
[2022.09.11-23.23.09:445][  0]LogD3D11RHI: Creating new Direct3DDevice
[2022.09.11-23.23.09:445][  0]LogD3D11RHI:     GPU DeviceId: 0x1c02 (for the marketing name, search the web for "GPU Device Id")
[2022.09.11-23.23.09:445][  0]LogWindows: EnumDisplayDevices:
[2022.09.11-23.23.09:445][  0]LogWindows:    0. 'NVIDIA GeForce GTX 1060 3GB' (P:1 D:1)
[2022.09.11-23.23.09:446][  0]LogWindows:    1. 'NVIDIA GeForce GTX 1060 3GB' (P:0 D:1)
[2022.09.11-23.23.09:446][  0]LogWindows:    2. 'NVIDIA GeForce GTX 1060 3GB' (P:0 D:0)
[2022.09.11-23.23.09:446][  0]LogWindows:    3. 'NVIDIA GeForce GTX 1060 3GB' (P:0 D:0)
[2022.09.11-23.23.09:446][  0]LogWindows: DebugString: FoundDriverCount:4 
[2022.09.11-23.23.09:446][  0]LogD3D11RHI:     Adapter Name: NVIDIA GeForce GTX 1060 3GB
[2022.09.11-23.23.09:446][  0]LogD3D11RHI:   Driver Version: 512.15 (internal:30.0.15.1215, unified:512.15)
[2022.09.11-23.23.09:446][  0]LogD3D11RHI:      Driver Date: 3-17-2022
[2022.09.11-23.23.09:446][  0]LogRHI: Texture pool is 2091 MB (70% of 2988 MB)
[2022.09.11-23.23.09:446][  0]LogD3D11RHI: Creating D3DDevice using adapter:
[2022.09.11-23.23.09:446][  0]LogD3D11RHI:     Description : NVIDIA GeForce GTX 1060 3GB
[2022.09.11-23.23.09:446][  0]LogD3D11RHI:     VendorId    : 10de
[2022.09.11-23.23.09:446][  0]LogD3D11RHI:     DeviceId    : 1c02
[2022.09.11-23.23.09:446][  0]LogD3D11RHI:     SubSysId    : 37241458
[2022.09.11-23.23.09:446][  0]LogD3D11RHI:     Revision    : 00a1
[2022.09.11-23.23.09:446][  0]LogD3D11RHI:     DedicatedVideoMemory : 3133145088 bytes
[2022.09.11-23.23.09:446][  0]LogD3D11RHI:     DedicatedSystemMemory : 0 bytes
[2022.09.11-23.23.09:446][  0]LogD3D11RHI:     SharedSystemMemory : 8568850432 bytes
[2022.09.11-23.23.09:446][  0]LogD3D11RHI:     AdapterLuid : 0 41930
[2022.09.11-23.23.09:501][  0]LogD3D11RHI: RHI has support for 64 bit atomics
[2022.09.11-23.23.09:501][  0]LogD3D11RHI: Async texture creation enabled
[2022.09.11-23.23.09:501][  0]LogD3D11RHI: Array index from any shader is supported
[2022.09.11-23.23.09:519][  0]LogD3D11RHI: GPU Timing Frequency: 1000.000000 (Debug: 2 1)
[2022.09.11-23.23.09:560][  0]LogRHI: GeForceNow SDK initialized: 1
[2022.09.11-23.23.09:841][  0]LogTargetPlatformManager: Display: Loaded TargetPlatform 'AllDesktop'
[2022.09.11-23.23.09:860][  0]LogTargetPlatformManager: Display: Loaded TargetPlatform 'Android'
[2022.09.11-23.23.09:860][  0]LogTargetPlatformManager: Display: Loaded TargetPlatform 'Android_ASTC'
[2022.09.11-23.23.09:860][  0]LogTargetPlatformManager: Display: Loaded TargetPlatform 'Android_DXT'
[2022.09.11-23.23.09:860][  0]LogTargetPlatformManager: Display: Loaded TargetPlatform 'Android_ETC2'
[2022.09.11-23.23.09:860][  0]LogTargetPlatformManager: Display: Loaded TargetPlatform 'AndroidClient'
[2022.09.11-23.23.09:860][  0]LogTargetPlatformManager: Display: Loaded TargetPlatform 'Android_ASTCClient'
[2022.09.11-23.23.09:860][  0]LogTargetPlatformManager: Display: Loaded TargetPlatform 'Android_DXTClient'
[2022.09.11-23.23.09:860][  0]LogTargetPlatformManager: Display: Loaded TargetPlatform 'Android_ETC2Client'
[2022.09.11-23.23.09:860][  0]LogTargetPlatformManager: Display: Loaded TargetPlatform 'Android_Multi'
[2022.09.11-23.23.09:860][  0]LogTargetPlatformManager: Display: Loaded TargetPlatform 'Android_MultiClient'
[2022.09.11-23.23.09:875][  0]LogTargetPlatformManager: Display: Loaded TargetPlatform 'IOSClient'
[2022.09.11-23.23.09:875][  0]LogTargetPlatformManager: Display: Loaded TargetPlatform 'IOS'
[2022.09.11-23.23.09:882][  0]LogTargetPlatformManager: Display: Loaded TargetPlatform 'Linux'
[2022.09.11-23.23.09:886][  0]LogTargetPlatformManager: Display: Loaded TargetPlatform 'LinuxNoEditor'
[2022.09.11-23.23.09:889][  0]LogTargetPlatformManager: Display: Loaded TargetPlatform 'LinuxClient'
[2022.09.11-23.23.09:893][  0]LogTargetPlatformManager: Display: Loaded TargetPlatform 'LinuxServer'
[2022.09.11-23.23.09:900][  0]LogTargetPlatformManager: Display: Loaded TargetPlatform 'LinuxAArch64NoEditor'
[2022.09.11-23.23.09:905][  0]LogTargetPlatformManager: Display: Loaded TargetPlatform 'LinuxAArch64Client'
[2022.09.11-23.23.09:909][  0]LogTargetPlatformManager: Display: Loaded TargetPlatform 'LinuxAArch64Server'
[2022.09.11-23.23.09:928][  0]LogTargetPlatformManager: Display: Loaded TargetPlatform 'Lumin'
[2022.09.11-23.23.09:928][  0]LogTargetPlatformManager: Display: Loaded TargetPlatform 'LuminClient'
[2022.09.11-23.23.09:935][  0]LogTargetPlatformManager: Display: Loaded TargetPlatform 'MacNoEditor'
[2022.09.11-23.23.09:938][  0]LogTargetPlatformManager: Display: Loaded TargetPlatform 'Mac'
[2022.09.11-23.23.09:942][  0]LogTargetPlatformManager: Display: Loaded TargetPlatform 'MacClient'
[2022.09.11-23.23.09:946][  0]LogTargetPlatformManager: Display: Loaded TargetPlatform 'MacServer'
[2022.09.11-23.23.09:954][  0]LogTargetPlatformManager: Display: Loaded TargetPlatform 'TVOSClient'
[2022.09.11-23.23.09:954][  0]LogTargetPlatformManager: Display: Loaded TargetPlatform 'TVOS'
[2022.09.11-23.23.09:961][  0]LogTargetPlatformManager: Display: Loaded TargetPlatform 'WindowsNoEditor'
[2022.09.11-23.23.09:965][  0]LogTargetPlatformManager: Display: Loaded TargetPlatform 'Windows'
[2022.09.11-23.23.09:968][  0]LogTargetPlatformManager: Display: Loaded TargetPlatform 'WindowsClient'
[2022.09.11-23.23.09:972][  0]LogTargetPlatformManager: Display: Loaded TargetPlatform 'WindowsServer'
[2022.09.11-23.23.09:972][  0]LogTargetPlatformManager: Display: Building Assets For Windows
[2022.09.11-23.23.09:979][  0]LogAudioDebug: Display: Lib vorbis DLL was dynamically loaded.
[2022.09.11-23.23.10:000][  0]LogTextureFormatOodle: Display: Oodle Texture 2.9.0 init RDO Off
[2022.09.11-23.23.10:026][  0]LogRendererCore: Ray tracing is disabled. Reason: r.RayTracing=0.
[2022.09.11-23.23.10:026][  0]LogShaderCompilers: Guid format shader working directory is 2 characters bigger than the processId version (D:/GitHub/Modular-Environment-TFG/MyProject/Intermediate/Shaders/WorkingDirectory/15900/).
[2022.09.11-23.23.10:026][  0]LogShaderCompilers: Cleaned the shader compiler working directory 'C:/Users/Marin/AppData/Local/Temp/UnrealShaderWorkingDir/2023ED3E4E973CA8B4B2F18CDC1ED6BA/'.
[2022.09.11-23.23.10:026][  0]LogXGEController: Cannot use XGE Controller as Incredibuild is not installed on this machine.
[2022.09.11-23.23.10:026][  0]LogShaderCompilers: Cannot use XGE Shader Compiler as Incredibuild is not installed on this machine.
[2022.09.11-23.23.10:026][  0]LogShaderCompilers: Display: Using Local Shader Compiler.
[2022.09.11-23.23.10:727][  0]LogDerivedDataCache: Display: Max Cache Size: 512 MB
[2022.09.11-23.23.10:784][  0]LogDerivedDataCache: Loaded boot cache 0.06s 94MB C:/Users/Marin/AppData/Local/UnrealEngine/4.27/DerivedDataCache/Boot.ddc.
[2022.09.11-23.23.10:784][  0]LogDerivedDataCache: Display: Loaded Boot cache: C:/Users/Marin/AppData/Local/UnrealEngine/4.27/DerivedDataCache/Boot.ddc
[2022.09.11-23.23.10:784][  0]LogDerivedDataCache: FDerivedDataBackendGraph:  Pak pak cache file D:/GitHub/Modular-Environment-TFG/MyProject/DerivedDataCache/DDC.ddp not found, will not use a pak cache.
[2022.09.11-23.23.10:784][  0]LogDerivedDataCache: Unable to find inner node Pak for hierarchical cache Hierarchy.
[2022.09.11-23.23.10:784][  0]LogDerivedDataCache: FDerivedDataBackendGraph:  CompressedPak pak cache file D:/GitHub/Modular-Environment-TFG/MyProject/DerivedDataCache/Compressed.ddp not found, will not use a pak cache.
[2022.09.11-23.23.10:784][  0]LogDerivedDataCache: Unable to find inner node CompressedPak for hierarchical cache Hierarchy.
[2022.09.11-23.23.10:801][  0]LogDerivedDataCache: Display: Pak cache opened for reading ../../../Engine/DerivedDataCache/Compressed.ddp.
[2022.09.11-23.23.10:802][  0]LogDerivedDataCache: FDerivedDataBackendGraph:  EnterprisePak pak cache file ../../../Enterprise/DerivedDataCache/Compressed.ddp not found, will not use a pak cache.
[2022.09.11-23.23.10:802][  0]LogDerivedDataCache: Unable to find inner node EnterprisePak for hierarchical cache Hierarchy.
[2022.09.11-23.23.10:808][  0]LogDerivedDataCache: Speed tests for C:/Users/Marin/AppData/Local/UnrealEngine/Common/DerivedDataCache took 0.01 seconds
[2022.09.11-23.23.10:808][  0]LogDerivedDataCache: Display: Performance to C:/Users/Marin/AppData/Local/UnrealEngine/Common/DerivedDataCache: Latency=0.03ms. RandomReadSpeed=1501.92MBs, RandomWriteSpeed=176.37MBs. Assigned SpeedClass 'Local'
[2022.09.11-23.23.10:809][  0]LogDerivedDataCache: Using Local data cache path C:/Users/Marin/AppData/Local/UnrealEngine/Common/DerivedDataCache: Writable
[2022.09.11-23.23.10:809][  0]LogDerivedDataCache: Shared data cache path not found in *engine.ini, will not use an Shared cache.
[2022.09.11-23.23.10:809][  0]LogDerivedDataCache: Unable to find inner node Shared for hierarchical cache Hierarchy.
[2022.09.11-23.23.10:860][  0]LogSlate: Using FreeType 2.10.0
[2022.09.11-23.23.10:860][  0]LogSlate: SlateFontServices - WITH_FREETYPE: 1, WITH_HARFBUZZ: 1
[2022.09.11-23.23.10:885][  0]LogAssetRegistry: FAssetRegistry took 0.0023 seconds to start up
[2022.09.11-23.23.11:116][  0]LogInit: Selected Device Profile: [Windows]
[2022.09.11-23.23.11:116][  0]LogInit: Active device profile: [0000024482330D00][00000244FA26B340 49] Windows
[2022.09.11-23.23.11:116][  0]LogInit: Profiles: [0000024482330D00][00000244FA26B340 49] Windows, [00000244822DE300][00000244FA2734C0 49] WindowsNoEditor, [0000024482331C00][00000244FA277640 49] WindowsServer, [00000244822DF100][00000244803ED7C0 49] WindowsClient, [0000024482332900][00000244803F1940 49] IOS, [00000244822DDA00][00000244803F5AC0 49] iPadAir, [0000024482333E00][00000244803F80C0 49] iPadAir2, [000002448228D000][00000244FDFDA380 49] IPadPro, [000002448228D100][00000244803FC3C0 49] iPadAir3, [00000244822DCC00][00000244FDFDE540 49] iPadAir4, [000002448228DD00][00000244FDFE26C0 49] iPadMini2, [00000244822DF300][00000244FA26E800 49] iPadMini3, [000002448228F800][00000244FDFE6940 49] iPadMini4, [00000244822DD000][00000244FDFEAA80 49] iPadMini5, [00000244822D8A00][00000244FDFF6D00 49] iPhone6, [00000244822D8B00][00000244FDFEED40 49] iPodTouch6, [0000024482332D00][00000244FDFFF000 49] iPhone7, [0000024482332E00][00000244FDFFB040 49] iPodTouch7, [000002448228E300][00000244FE0031C0 49] iPhone5S, [0000024482331000][00000244FE007340 49] iPhone6Plus, [00000244822D8100][00000244FE00B4C0 49] iPhone6S, [000002448228C300][00000244FE00F640 49] iPhone6SPlus, [00000244822DA900][00000244FE0137C0 49] iPhone7Plus, [000002448228E100][00000244FE017940 49] iPhoneSE, [00000244822DA700][00000244FE01BAC0 49] iPhone8, [000002448228C700][00000244FE01E0C0 49] iPhone8Plus, [00000244822DB200][00000244FE022240 49] iPhoneX, [0000024482331500][00000244FE0263C0 49] iPhoneXS, [00000244822DAC00][00000244FE02A540 49] iPhoneXSMax, [0000024482331A00][00000244FE02E6C0 49] iPhoneXR, [00000244822D8600][00000244FE032840 49] iPhone11, [0000024482332A00][00000244FDFF2980 49] iPhone11Pro, [00000244822D9B00][00000244F7800AC0 49] iPhone11ProMax, [0000024482330F00][00000244F7804C00 49] iPhoneSE2, [00000244822DBB00][00000244F7808D40 49] iPhone12Mini, [0000024482332300][00000244F7810EC0 49] iPhone12, [00000244822D8C00][00000244F7815040 49] iPhone12Pro, [0000024482333F00][00000244F78191C0 49] iPhone12ProMax, [00000244822D9600][00000244F781D340 49] iPadPro105, [0000024482330900][00000244F78214C0 49] iPadPro129, [00000244822DBE00][00000244F7825640 49] iPadPro97, [0000024482333700][00000244F78297C0 49] iPadPro2_129, [00000244822DAD00][00000244F782D940 49] iPad5, [0000024482332100][00000244F7831AC0 49] iPad6, [00000244822D9200][00000244F78340C0 49] iPad7, [0000024482331100][00000244F7838240 49] iPad8, [00000244822D8400][00000244F783C3C0 49] iPadPro11, [0000024482330700][00000244F7840540 49] iPadPro2_11, [00000244822D9700][00000244F78446C0 49] iPadPro3_129, [0000024482333800][00000244F7848840 49] iPadPro4_129, [00000244822DB300][00000244F784C9C0 49] AppleTV, [0000024482332600][00000244F7850B40 49] AppleTV4K, [00000244822DAB00][00000244F780CC80 49] TVOS, [0000024482330A00][00000244F7854DC0 49] Mac, [00000244822D9400][00000244F7858F00 49] MacClient, [0000024482331D00][00000244F7861080 49] MacNoEditor, [00000244822DB600][00000244F7865200 49] MacServer, [0000024482331200][00000244F7869380 49] Linux, [00000244822D9D00][00000244F786D500 49] LinuxAArch64, [0000024482332B00][00000244F7871680 49] LinuxNoEditor, [00000244822DA400][00000244F7875800 49] LinuxAArch64NoEditor, [0000024482330600][00000244F7879980 49] LinuxClient, [00000244822DB800][00000244F787DB00 49] LinuxAArch64Client, [0000024482332700][00000244F7880100 49] LinuxServer, [00000244822DAA00][00000244F7884280 49] LinuxAArch64Server, [0000024482333400][00000244F7888400 49] Android, [00000244822DB400][00000244F788C580 49] Android_Low, [0000024482331600][00000244F7890700 49] Android_Mid, [00000244822DB900][00000244F7894880 49] Android_High, [0000024482333D00][00000244F7898A00 49] Android_Default, [00000244822DA600][00000244F789CB80 49] Android_Adreno4xx, [0000024482330E00][00000244F78A0D00 49] Android_Adreno5xx_Low, [00000244822D9000][00000244F785CE40 49] Android_Adreno5xx, [0000024482331300][00000244F78A4F80 49] Android_Adreno6xx, [00000244822DC500][00000244F78A90C0 49] Android_Adreno6xx_Vulkan, [000002448228E000][00000244F78B1240 49] Android_Mali_T6xx, [00000244822DC600][00000244824113C0 49] Android_Mali_T7xx, [000002448228C100][0000024482415540 49] Android_Mali_T8xx, [00000244822DC100][00000244824196C0 49] Android_Mali_G71, [000002448228F300][000002448241D840 49] Android_Mali_G72, [00000244822DD500][00000244824219C0 49] Android_Mali_G72_Vulkan, [000002448228D700][0000024482425B40 49] Android_Mali_G76, [00000244822DF800][0000024482428140 49] Android_Mali_G76_Vulkan, [000002448228E900][000002448242C2C0 49] Android_Mali_G77, [00000244822DFF00][0000024482430440 49] Android_Mali_G77_Vulkan, [000002448228D500][00000244824345C0 49] Android_Mali_G78, [00000244822DE200][0000024482438740 49] Android_Mali_G78_Vulkan, [000002448228C400][000002448243C8C0 49] Android_Mali_G710, [00000244822DC300][0000024482440A40 49] Android_Mali_G710_Vulkan, [000002448228C200][0000024482444BC0 49] Android_Vulkan_SM5, [00000244822DC700][0000024482448D40 49] Android_PowerVR_G6xxx, [000002448228E400][000002448244CEC0 49] Android_PowerVR_GT7xxx, [00000244822DE800][00000244F78AD000 49] Android_PowerVR_GE8xxx, [000002448228D400][0000024482451140 49] Android_PowerVR_GM9xxx, [00000244822DC200][0000024482455280 49] Android_PowerVR_GM9xxx_Vulkan, [000002448228E600][00000244824593C0 49] Android_TegraK1, [00000244822DFD00][0000024482461540 49] Android_Unknown_Vulkan, [000002448228FB00][00000244824656C0 49] Lumin, [00000244822DFC00][0000024482469840 49] Lumin_Desktop, [000002448228CB00][000002448246D9C0 49] HoloLens, 
[2022.09.11-23.23.11:235][  0]LogMeshReduction: Using QuadricMeshReduction for automatic static mesh reduction
[2022.09.11-23.23.11:235][  0]LogMeshReduction: Using SimplygonMeshReduction for automatic skeletal mesh reduction
[2022.09.11-23.23.11:235][  0]LogMeshReduction: Using ProxyLODMeshReduction for automatic mesh merging
[2022.09.11-23.23.11:235][  0]LogMeshReduction: No distributed automatic mesh merging module available
[2022.09.11-23.23.11:235][  0]LogMeshMerging: No distributed automatic mesh merging module available
[2022.09.11-23.23.11:250][  0]LogNetVersion: MyProject 1.0.0, NetCL: 17155196, EngineNetVer: 17, GameNetVer: 0 (Checksum: 3629800737)
[2022.09.11-23.23.11:604][  0]LogTexture: Default maximum texture size for cubemaps generated from long-lat sources has been changed from 512 to unlimited. In order to preserve old behaiour for '/Engine/MapTemplates/Sky/DaylightAmbientCubemap.DaylightAmbientCubemap', its maximum texture size has been explicitly set to 512.
[2022.09.11-23.23.11:658][  0]LogHMD: PokeAHoleMaterial loaded successfully
[2022.09.11-23.23.11:663][  0]LogUObjectArray: 17178 objects as part of root set at end of initial load.
[2022.09.11-23.23.11:663][  0]LogUObjectAllocator: 4302048 out of 0 bytes used by permanent object pool.
[2022.09.11-23.23.11:663][  0]LogUObjectArray: CloseDisregardForGC: 0/0 objects in disregard for GC pool
[2022.09.11-23.23.11:793][  0]LogPython: Using Python 3.7.7
[2022.09.11-23.23.12:339][  0]LogNiagaraDebuggerClient: Niagara Debugger Client Initialized | Session: 18E744E74ACA10063D136AB153ACBFB2 | Instance: 7CCA3F8E48B55C1BA5C266974579C2E7 (XAVI-15900).
[2022.09.11-23.23.12:466][  0]LogTcpMessaging: Initializing TcpMessaging bridge
[2022.09.11-23.23.12:473][  0]LogUdpMessaging: Initializing bridge on interface 0.0.0.0:0 to multicast group 230.0.0.1:6666.
[2022.09.11-23.23.12:581][  0]SourceControl: Source control is disabled
[2022.09.11-23.23.12:581][  0]SourceControl: Source control is disabled
[2022.09.11-23.23.12:587][  0]SourceControl: Source control is disabled
[2022.09.11-23.23.12:589][  0]SourceControl: Source control is disabled
[2022.09.11-23.23.12:594][  0]SourceControl: Source control is disabled
[2022.09.11-23.23.12:601][  0]LogUProjectInfo: Found projects:
[2022.09.11-23.23.12:606][  0]LogVSAccessor: Display: Unable to create Visual Studio setup instance: 80040154
[2022.09.11-23.23.12:606][  0]LogVSAccessor: Display: Unable to create Visual Studio setup instance: 80040154
[2022.09.11-23.23.12:606][  0]LogVSAccessor: Display: Unable to create Visual Studio setup instance: 80040154
[2022.09.11-23.23.12:712][  0]LogOpenImageDenoise: OIDN starting up
[2022.09.11-23.23.12:800][  0]LogAndroidPermission: UAndroidPermissionCallbackProxy::GetInstance
[2022.09.11-23.23.12:818][  0]LogAudioCaptureCore: Display: No Audio Capture implementations found. Audio input will be silent.
[2022.09.11-23.23.12:818][  0]LogAudioCaptureCore: Display: No Audio Capture implementations found. Audio input will be silent.
[2022.09.11-23.23.12:925][  0]LogCollectionManager: Loaded 0 collections in 0.000825 seconds
[2022.09.11-23.23.12:944][  0]LogFileCache: Scanning file cache for directory 'D:/GitHub/Modular-Environment-TFG/MyProject/Saved/Collections/' took 0.00s
[2022.09.11-23.23.12:944][  0]LogFileCache: Scanning file cache for directory 'D:/GitHub/Modular-Environment-TFG/MyProject/Content/Developers/Marin/Collections/' took 0.00s
[2022.09.11-23.23.12:944][  0]LogFileCache: Scanning file cache for directory 'D:/GitHub/Modular-Environment-TFG/MyProject/Content/Collections/' took 0.00s
[2022.09.11-23.23.12:944][  0]LogOcInput: OculusInput pre-init called
[2022.09.11-23.23.13:175][  0]LogEngine: Initializing Engine...
[2022.09.11-23.23.13:178][  0]LogHMD: Failed to enumerate extensions. Please check that you have a valid OpenXR runtime installed.
[2022.09.11-23.23.13:178][  0]LogHMD: Failed to initialize OpenVR with code 110
[2022.09.11-23.23.13:178][  0]LogMagicLeap: Warning: VR disabled because ZI is not enabled.  To enable, in the editor, Edit -> Project Settings -> Plugins -> Magic Leap Plugin -> Enable Zero Iteration
[2022.09.11-23.23.13:179][  0]LogStats: UGameplayTagsManager::InitializeManager -  0.000 s
[2022.09.11-23.23.13:285][  0]LogInit: Initializing FReadOnlyCVARCache
[2022.09.11-23.23.13:291][  0]LogAIModule: Creating AISystem for world Untitled
[2022.09.11-23.23.13:304][  0]LogAudio: Display: Initializing Audio Device Manager...
[2022.09.11-23.23.13:307][  0]LogAudio: Display: Loading Default Audio Settings Objects...
[2022.09.11-23.23.13:308][  0]LogAudio: Display: No default SoundConcurrencyObject specified (or failed to load).
[2022.09.11-23.23.13:308][  0]LogAudio: Display: Audio Device Manager Initialized
[2022.09.11-23.23.13:308][  0]LogAudio: Display: Creating Audio Device:                 Id: 1, Scope: Shared, Realtime: True
[2022.09.11-23.23.13:308][  0]LogAudioMixer: Display: Audio Mixer Platform Settings:
[2022.09.11-23.23.13:308][  0]LogAudioMixer: Display: 	Sample Rate:						  48000
[2022.09.11-23.23.13:308][  0]LogAudioMixer: Display: 	Callback Buffer Frame Size Requested: 1024
[2022.09.11-23.23.13:308][  0]LogAudioMixer: Display: 	Callback Buffer Frame Size To Use:	  1024
[2022.09.11-23.23.13:308][  0]LogAudioMixer: Display: 	Number of buffers to queue:			  2
[2022.09.11-23.23.13:308][  0]LogAudioMixer: Display: 	Max Channels (voices):				  32
[2022.09.11-23.23.13:308][  0]LogAudioMixer: Display: 	Number of Async Source Workers:		  0
[2022.09.11-23.23.13:308][  0]LogAudio: Display: AudioDevice MaxSources: 32
[2022.09.11-23.23.13:309][  0]LogAudio: Display: Audio Spatialization Plugin: None (built-in).
[2022.09.11-23.23.13:309][  0]LogAudio: Display: Audio Reverb Plugin: None (built-in).
[2022.09.11-23.23.13:309][  0]LogAudio: Display: Audio Occlusion Plugin: None (built-in).
[2022.09.11-23.23.13:309][  0]LogAudioMixer: Display: Initializing audio mixer.
[2022.09.11-23.23.13:318][  0]LogAudioMixer: Display: 0: FrontLeft
[2022.09.11-23.23.13:318][  0]LogAudioMixer: Display: 1: FrontRight
[2022.09.11-23.23.13:334][  0]LogAudioMixer: Display: Using Audio Device Altavoces (High Definition Audio Device)
[2022.09.11-23.23.13:337][  0]LogAudioMixer: Display: Initializing Sound Submixes...
[2022.09.11-23.23.13:338][  0]LogAudioMixer: Display: Creating Master Submix 'MasterSubmixDefault'
[2022.09.11-23.23.13:338][  0]LogAudioMixer: Display: Creating Master Submix 'MasterReverbSubmixDefault'
[2022.09.11-23.23.13:339][  0]LogAudioMixer: Display: Creating Master Submix 'MasterEQSubmixDefault'
[2022.09.11-23.23.13:339][  0]LogAudioMixer: FMixerPlatformXAudio2::StartAudioStream() called
[2022.09.11-23.23.13:339][  0]LogAudioMixer: Display: Output buffers initialized: Frames=1024, Channels=2, Samples=2048
[2022.09.11-23.23.13:340][  0]LogAudioMixer: Display: Starting AudioMixerPlatformInterface::RunInternal()
[2022.09.11-23.23.13:340][  0]LogAudioMixer: Display: FMixerPlatformXAudio2::SubmitBuffer() called for the first time
[2022.09.11-23.23.13:340][  0]LogInit: FAudioDevice initialized.
[2022.09.11-23.23.13:340][  0]LogAudio: Display: Audio Device (ID: 1) registered with world 'Untitled'.
[2022.09.11-23.23.13:341][  0]LogNetVersion: Set ProjectVersion to 1.0.0.0. Version Checksum will be recalculated on next use.
[2022.09.11-23.23.13:634][  0]LogDerivedDataCache: Saved boot cache 0.29s 94MB C:/Users/Marin/AppData/Local/UnrealEngine/4.27/DerivedDataCache/Boot.ddc.
[2022.09.11-23.23.13:634][  0]LogInit: Texture streaming: Enabled
[2022.09.11-23.23.13:644][  0]LogAnalytics: Display: [UEEditor.Rocket.Release] APIServer = https://datarouter.ol.epicgames.com/. AppVersion = 4.27.2-18319896+++UE4+Release-4.27
[2022.09.11-23.23.13:647][  0]LogEngineSessionManager: EngineSessionManager initialized
[2022.09.11-23.23.13:647][  0]LogEditorSessionSummary: Verbose: Initializing EditorSessionSummaryWriter for editor session tracking
[2022.09.11-23.23.13:648][  0]LogEditorSessionSummary: EditorSessionSummaryWriter initialized
[2022.09.11-23.23.13:669][  0]LogInit: Transaction tracking system initialized
[2022.09.11-23.23.13:686][  0]BlueprintLog: New page: Editor Load
[2022.09.11-23.23.13:735][  0]LocalizationService: Localization service is disabled
[2022.09.11-23.23.13:752][  0]TimingProfiler: Initialize
[2022.09.11-23.23.13:752][  0]TimingProfiler: OnSessionChanged
[2022.09.11-23.23.13:752][  0]LoadingProfiler: Initialize
[2022.09.11-23.23.13:752][  0]LoadingProfiler: OnSessionChanged
[2022.09.11-23.23.13:752][  0]NetworkingProfiler: Initialize
[2022.09.11-23.23.13:752][  0]NetworkingProfiler: OnSessionChanged
[2022.09.11-23.23.13:752][  0]MemoryProfiler: Initialize
[2022.09.11-23.23.13:752][  0]MemoryProfiler: OnSessionChanged
[2022.09.11-23.23.13:796][  0]LogVSAccessor: Display: Unable to create Visual Studio setup instance: 80040154
[2022.09.11-23.23.13:797][  0]LogVSAccessor: Display: Unable to create Visual Studio setup instance: 80040154
[2022.09.11-23.23.13:797][  0]LogVSAccessor: Display: Unable to create Visual Studio setup instance: 80040154
[2022.09.11-23.23.13:864][  0]LogCook: Display: CookSettings for Memory: MemoryMaxUsedVirtual 0MiB, MemoryMaxUsedPhysical 16384MiB, MemoryMinFreeVirtual 0MiB, MemoryMinFreePhysical 1024MiB
[2022.09.11-23.23.13:864][  0]LogCook: Display: Mobile HDR setting 1
[2022.09.11-23.23.13:902][  0]LogFileCache: Scanning file cache for directory 'D:/GitHub/Modular-Environment-TFG/MyProject/Content/' took 0.00s
[2022.09.11-23.23.14:211][  0]LogInit: Display: Engine is initialized. Leaving FEngineLoop::Init()
[2022.09.11-23.23.14:213][  0]SourceControl: Source control is disabled
[2022.09.11-23.23.14:213][  0]LogUnrealEdMisc: Loading editor; pre map load, took 6.068
[2022.09.11-23.23.14:213][  0]Cmd: MAP LOAD FILE="D:/GitHub/Modular-Environment-TFG/MyProject/Content/CyberPunk_AssetPack/Maps/Scene.umap" TEMPLATE=0 SHOWPROGRESS=1 FEATURELEVEL=3
[2022.09.11-23.23.14:213][  0]LightingResults: New page: Lighting Build
[2022.09.11-23.23.14:215][  0]LogWorld: UWorld::CleanupWorld for Untitled, bSessionEnded=true, bCleanupResources=true
[2022.09.11-23.23.14:215][  0]LogSlate: InvalidateAllWidgets triggered.  All widgets were invalidated
[2022.09.11-23.23.14:215][  0]MapCheck: New page: Map Check
[2022.09.11-23.23.14:215][  0]LightingResults: New page: Lighting Build
[2022.09.11-23.23.14:219][  0]LogAudio: Display: Audio Device unregistered from world 'None'.
[2022.09.11-23.23.14:221][  0]LogUObjectHash: Compacting FUObjectHashTables data took   0.74ms
[2022.09.11-23.23.26:515][  0]LogStaticMesh: Building static mesh SM_Board_Hrz...
[2022.09.11-23.23.26:519][  0]LogStaticMesh: Built static mesh [0.00s] /Game/CyberPunk_AssetPack/Meshes/SM_Board_Hrz.SM_Board_Hrz
[2022.09.11-23.23.26:658][  0]LogStaticMesh: Building static mesh SM_Grate...
[2022.09.11-23.23.26:667][  0]LogStaticMesh: Built static mesh [0.01s] /Game/CyberPunk_AssetPack/Meshes/SM_Grate.SM_Grate
[2022.09.11-23.23.26:684][  0]LogStaticMesh: Building static mesh SM_TrafficCone...
[2022.09.11-23.23.26:751][  0]LogStaticMesh: Built static mesh [0.07s] /Game/CyberPunk_AssetPack/Meshes/SM_TrafficCone.SM_TrafficCone
[2022.09.11-23.23.26:795][  0]LogStaticMesh: Building static mesh SM_Generator...
[2022.09.11-23.23.26:801][  0]LogStaticMesh: Built static mesh [0.01s] /Game/CyberPunk_AssetPack/Meshes/SM_Generator.SM_Generator
[2022.09.11-23.23.26:997][  0]LogStaticMesh: Building static mesh SM_Board_Vrt...
[2022.09.11-23.23.27:001][  0]LogStaticMesh: Built static mesh [0.00s] /Game/CyberPunk_AssetPack/Meshes/SM_Board_Vrt.SM_Board_Vrt
[2022.09.11-23.23.27:091][  0]LogAudio: Display: Audio Device (ID: 1) registered with world 'Scene'.
[2022.09.11-23.23.27:092][  0]LogAIModule: Creating AISystem for world Scene
[2022.09.11-23.23.27:183][  0]LogEditorServer: Finished looking for orphan Actors (0.000 secs)
[2022.09.11-23.23.27:195][  0]LogUObjectHash: Compacting FUObjectHashTables data took   0.93ms
[2022.09.11-23.23.27:195][  0]Cmd: MAP CHECKDEP NOCLEARLOG
[2022.09.11-23.23.27:195][  0]MapCheck: Map check complete: 0 Error(s), 0 Warning(s), took 0,105ms to complete.
[2022.09.11-23.23.27:195][  0]LogFileHelpers: Loading map 'Scene' took 12.981
[2022.09.11-23.23.27:197][  0]LogUnrealEdMisc: Total Editor Startup Time, took 19.051
[2022.09.11-23.23.27:337][  0]LogSlate: Updating window title bar state: overlay mode, drag disabled, window buttons hidden, title bar hidden
[2022.09.11-23.23.27:344][  0]LogSlate: Updating window title bar state: overlay mode, drag disabled, window buttons hidden, title bar hidden
[2022.09.11-23.23.27:349][  0]LogSlate: Updating window title bar state: overlay mode, drag disabled, window buttons hidden, title bar hidden
[2022.09.11-23.23.27:355][  0]LogSlate: Updating window title bar state: overlay mode, drag disabled, window buttons hidden, title bar hidden
[2022.09.11-23.23.27:372][  0]LogNativeClassHierarchy: Verbose: Native class hierarchy populated in 0.0109 seconds. Added 3822 classes and 928 folders.
[2022.09.11-23.23.27:391][  0]LogNativeClassHierarchy: Verbose: Native class hierarchy updated for 'WidgetCarousel' in 0.0002 seconds. Added 0 classes and 0 folders.
[2022.09.11-23.23.27:393][  0]LogPakFile: PakFile PrimaryIndexSize=187
[2022.09.11-23.23.27:393][  0]LogPakFile: PakFile PathHashIndexSize=101
[2022.09.11-23.23.27:393][  0]LogPakFile: PakFile FullDirectoryIndexSize=148
[2022.09.11-23.23.27:393][  0]LogShaderLibrary: Display: ShaderCodeLibraryPakFileMountedCallback: PakFile 'B:/UE_4.27/FeaturePacks/FP_FirstPerson.upack' (chunk index -1, root 'root:/') mounted
[2022.09.11-23.23.27:393][  0]LogShaderLibrary: Display: ShaderCodeLibraryPakFileMountedCallback: pending pak file info (ChunkID:-1 Root:root:/ File:B:/UE_4.27/FeaturePacks/FP_FirstPerson.upack)
[2022.09.11-23.23.27:393][  0]LogPakFile: OnPakFileMounted2Time == 0.000053
[2022.09.11-23.23.27:396][  0]LogPakFile: PakFile PrimaryIndexSize=189
[2022.09.11-23.23.27:396][  0]LogPakFile: PakFile PathHashIndexSize=101
[2022.09.11-23.23.27:396][  0]LogPakFile: PakFile FullDirectoryIndexSize=152
[2022.09.11-23.23.27:396][  0]LogShaderLibrary: Display: ShaderCodeLibraryPakFileMountedCallback: PakFile 'B:/UE_4.27/FeaturePacks/FP_FirstPersonBP.upack' (chunk index -1, root 'root:/') mounted
[2022.09.11-23.23.27:396][  0]LogShaderLibrary: Display: ShaderCodeLibraryPakFileMountedCallback: pending pak file info (ChunkID:-1 Root:root:/ File:B:/UE_4.27/FeaturePacks/FP_FirstPersonBP.upack)
[2022.09.11-23.23.27:396][  0]LogPakFile: OnPakFileMounted2Time == 0.000039
[2022.09.11-23.23.27:397][  0]LogPakFile: PakFile PrimaryIndexSize=191
[2022.09.11-23.23.27:397][  0]LogPakFile: PakFile PathHashIndexSize=101
[2022.09.11-23.23.27:397][  0]LogPakFile: PakFile FullDirectoryIndexSize=160
[2022.09.11-23.23.27:397][  0]LogShaderLibrary: Display: ShaderCodeLibraryPakFileMountedCallback: PakFile 'B:/UE_4.27/FeaturePacks/MobileStarterContent.upack' (chunk index -1, root 'root:/') mounted
[2022.09.11-23.23.27:397][  0]LogShaderLibrary: Display: ShaderCodeLibraryPakFileMountedCallback: pending pak file info (ChunkID:-1 Root:root:/ File:B:/UE_4.27/FeaturePacks/MobileStarterContent.upack)
[2022.09.11-23.23.27:397][  0]LogPakFile: OnPakFileMounted2Time == 0.000036
[2022.09.11-23.23.27:399][  0]LogPakFile: PakFile PrimaryIndexSize=185
[2022.09.11-23.23.27:399][  0]LogPakFile: PakFile PathHashIndexSize=101
[2022.09.11-23.23.27:399][  0]LogPakFile: PakFile FullDirectoryIndexSize=148
[2022.09.11-23.23.27:399][  0]LogShaderLibrary: Display: ShaderCodeLibraryPakFileMountedCallback: PakFile 'B:/UE_4.27/FeaturePacks/StarterContent.upack' (chunk index -1, root 'root:/') mounted
[2022.09.11-23.23.27:399][  0]LogShaderLibrary: Display: ShaderCodeLibraryPakFileMountedCallback: pending pak file info (ChunkID:-1 Root:root:/ File:B:/UE_4.27/FeaturePacks/StarterContent.upack)
[2022.09.11-23.23.27:399][  0]LogPakFile: OnPakFileMounted2Time == 0.000036
[2022.09.11-23.23.27:401][  0]LogPakFile: PakFile PrimaryIndexSize=190
[2022.09.11-23.23.27:401][  0]LogPakFile: PakFile PathHashIndexSize=101
[2022.09.11-23.23.27:401][  0]LogPakFile: PakFile FullDirectoryIndexSize=154
[2022.09.11-23.23.27:401][  0]LogShaderLibrary: Display: ShaderCodeLibraryPakFileMountedCallback: PakFile 'B:/UE_4.27/FeaturePacks/TP_2DSideScroller.upack' (chunk index -1, root 'root:/') mounted
[2022.09.11-23.23.27:401][  0]LogShaderLibrary: Display: ShaderCodeLibraryPakFileMountedCallback: pending pak file info (ChunkID:-1 Root:root:/ File:B:/UE_4.27/FeaturePacks/TP_2DSideScroller.upack)
[2022.09.11-23.23.27:401][  0]LogPakFile: OnPakFileMounted2Time == 0.000035
[2022.09.11-23.23.27:402][  0]LogPakFile: PakFile PrimaryIndexSize=192
[2022.09.11-23.23.27:402][  0]LogPakFile: PakFile PathHashIndexSize=101
[2022.09.11-23.23.27:402][  0]LogPakFile: PakFile FullDirectoryIndexSize=158
[2022.09.11-23.23.27:402][  0]LogShaderLibrary: Display: ShaderCodeLibraryPakFileMountedCallback: PakFile 'B:/UE_4.27/FeaturePacks/TP_2DSideScrollerBP.upack' (chunk index -1, root 'root:/') mounted
[2022.09.11-23.23.27:403][  0]LogShaderLibrary: Display: ShaderCodeLibraryPakFileMountedCallback: pending pak file info (ChunkID:-1 Root:root:/ File:B:/UE_4.27/FeaturePacks/TP_2DSideScrollerBP.upack)
[2022.09.11-23.23.27:403][  0]LogPakFile: OnPakFileMounted2Time == 0.000065
[2022.09.11-23.23.27:404][  0]LogPakFile: PakFile PrimaryIndexSize=182
[2022.09.11-23.23.27:404][  0]LogPakFile: PakFile PathHashIndexSize=101
[2022.09.11-23.23.27:404][  0]LogPakFile: PakFile FullDirectoryIndexSize=138
[2022.09.11-23.23.27:404][  0]LogShaderLibrary: Display: ShaderCodeLibraryPakFileMountedCallback: PakFile 'B:/UE_4.27/FeaturePacks/TP_Flying.upack' (chunk index -1, root 'root:/') mounted
[2022.09.11-23.23.27:404][  0]LogShaderLibrary: Display: ShaderCodeLibraryPakFileMountedCallback: pending pak file info (ChunkID:-1 Root:root:/ File:B:/UE_4.27/FeaturePacks/TP_Flying.upack)
[2022.09.11-23.23.27:404][  0]LogPakFile: OnPakFileMounted2Time == 0.000034
[2022.09.11-23.23.27:405][  0]LogPakFile: PakFile PrimaryIndexSize=184
[2022.09.11-23.23.27:405][  0]LogPakFile: PakFile PathHashIndexSize=101
[2022.09.11-23.23.27:405][  0]LogPakFile: PakFile FullDirectoryIndexSize=142
[2022.09.11-23.23.27:405][  0]LogShaderLibrary: Display: ShaderCodeLibraryPakFileMountedCallback: PakFile 'B:/UE_4.27/FeaturePacks/TP_FlyingBP.upack' (chunk index -1, root 'root:/') mounted
[2022.09.11-23.23.27:405][  0]LogShaderLibrary: Display: ShaderCodeLibraryPakFileMountedCallback: pending pak file info (ChunkID:-1 Root:root:/ File:B:/UE_4.27/FeaturePacks/TP_FlyingBP.upack)
[2022.09.11-23.23.27:405][  0]LogPakFile: OnPakFileMounted2Time == 0.000034
[2022.09.11-23.23.27:407][  0]LogPakFile: PakFile PrimaryIndexSize=188
[2022.09.11-23.23.27:407][  0]LogPakFile: PakFile PathHashIndexSize=101
[2022.09.11-23.23.27:407][  0]LogPakFile: PakFile FullDirectoryIndexSize=150
[2022.09.11-23.23.27:407][  0]LogShaderLibrary: Display: ShaderCodeLibraryPakFileMountedCallback: PakFile 'B:/UE_4.27/FeaturePacks/TP_HandheldARBP.upack' (chunk index -1, root 'root:/') mounted
[2022.09.11-23.23.27:407][  0]LogShaderLibrary: Display: ShaderCodeLibraryPakFileMountedCallback: pending pak file info (ChunkID:-1 Root:root:/ File:B:/UE_4.27/FeaturePacks/TP_HandheldARBP.upack)
[2022.09.11-23.23.27:407][  0]LogPakFile: OnPakFileMounted2Time == 0.000034
[2022.09.11-23.23.27:411][  0]LogPakFile: PakFile PrimaryIndexSize=182
[2022.09.11-23.23.27:411][  0]LogPakFile: PakFile PathHashIndexSize=101
[2022.09.11-23.23.27:411][  0]LogPakFile: PakFile FullDirectoryIndexSize=138
[2022.09.11-23.23.27:411][  0]LogShaderLibrary: Display: ShaderCodeLibraryPakFileMountedCallback: PakFile 'B:/UE_4.27/FeaturePacks/TP_Puzzle.upack' (chunk index -1, root 'root:/') mounted
[2022.09.11-23.23.27:411][  0]LogShaderLibrary: Display: ShaderCodeLibraryPakFileMountedCallback: pending pak file info (ChunkID:-1 Root:root:/ File:B:/UE_4.27/FeaturePacks/TP_Puzzle.upack)
[2022.09.11-23.23.27:411][  0]LogPakFile: OnPakFileMounted2Time == 0.000037
[2022.09.11-23.23.27:412][  0]LogPakFile: PakFile PrimaryIndexSize=184
[2022.09.11-23.23.27:412][  0]LogPakFile: PakFile PathHashIndexSize=101
[2022.09.11-23.23.27:412][  0]LogPakFile: PakFile FullDirectoryIndexSize=142
[2022.09.11-23.23.27:412][  0]LogShaderLibrary: Display: ShaderCodeLibraryPakFileMountedCallback: PakFile 'B:/UE_4.27/FeaturePacks/TP_PuzzleBP.upack' (chunk index -1, root 'root:/') mounted
[2022.09.11-23.23.27:412][  0]LogShaderLibrary: Display: ShaderCodeLibraryPakFileMountedCallback: pending pak file info (ChunkID:-1 Root:root:/ File:B:/UE_4.27/FeaturePacks/TP_PuzzleBP.upack)
[2022.09.11-23.23.27:412][  0]LogPakFile: OnPakFileMounted2Time == 0.000037
[2022.09.11-23.23.27:413][  0]LogPakFile: PakFile PrimaryIndexSize=183
[2022.09.11-23.23.27:413][  0]LogPakFile: PakFile PathHashIndexSize=101
[2022.09.11-23.23.27:413][  0]LogPakFile: PakFile FullDirectoryIndexSize=140
[2022.09.11-23.23.27:413][  0]LogShaderLibrary: Display: ShaderCodeLibraryPakFileMountedCallback: PakFile 'B:/UE_4.27/FeaturePacks/TP_Rolling.upack' (chunk index -1, root 'root:/') mounted
[2022.09.11-23.23.27:413][  0]LogShaderLibrary: Display: ShaderCodeLibraryPakFileMountedCallback: pending pak file info (ChunkID:-1 Root:root:/ File:B:/UE_4.27/FeaturePacks/TP_Rolling.upack)
[2022.09.11-23.23.27:413][  0]LogPakFile: OnPakFileMounted2Time == 0.000035
[2022.09.11-23.23.27:414][  0]LogPakFile: PakFile PrimaryIndexSize=185
[2022.09.11-23.23.27:414][  0]LogPakFile: PakFile PathHashIndexSize=101
[2022.09.11-23.23.27:414][  0]LogPakFile: PakFile FullDirectoryIndexSize=144
[2022.09.11-23.23.27:414][  0]LogShaderLibrary: Display: ShaderCodeLibraryPakFileMountedCallback: PakFile 'B:/UE_4.27/FeaturePacks/TP_RollingBP.upack' (chunk index -1, root 'root:/') mounted
[2022.09.11-23.23.27:414][  0]LogShaderLibrary: Display: ShaderCodeLibraryPakFileMountedCallback: pending pak file info (ChunkID:-1 Root:root:/ File:B:/UE_4.27/FeaturePacks/TP_RollingBP.upack)
[2022.09.11-23.23.27:414][  0]LogPakFile: OnPakFileMounted2Time == 0.000034
[2022.09.11-23.23.27:416][  0]LogPakFile: PakFile PrimaryIndexSize=188
[2022.09.11-23.23.27:416][  0]LogPakFile: PakFile PathHashIndexSize=101
[2022.09.11-23.23.27:416][  0]LogPakFile: PakFile FullDirectoryIndexSize=150
[2022.09.11-23.23.27:416][  0]LogShaderLibrary: Display: ShaderCodeLibraryPakFileMountedCallback: PakFile 'B:/UE_4.27/FeaturePacks/TP_SideScroller.upack' (chunk index -1, root 'root:/') mounted
[2022.09.11-23.23.27:416][  0]LogShaderLibrary: Display: ShaderCodeLibraryPakFileMountedCallback: pending pak file info (ChunkID:-1 Root:root:/ File:B:/UE_4.27/FeaturePacks/TP_SideScroller.upack)
[2022.09.11-23.23.27:416][  0]LogPakFile: OnPakFileMounted2Time == 0.000032
[2022.09.11-23.23.27:417][  0]LogPakFile: PakFile PrimaryIndexSize=190
[2022.09.11-23.23.27:417][  0]LogPakFile: PakFile PathHashIndexSize=101
[2022.09.11-23.23.27:417][  0]LogPakFile: PakFile FullDirectoryIndexSize=154
[2022.09.11-23.23.27:417][  0]LogShaderLibrary: Display: ShaderCodeLibraryPakFileMountedCallback: PakFile 'B:/UE_4.27/FeaturePacks/TP_SideScrollerBP.upack' (chunk index -1, root 'root:/') mounted
[2022.09.11-23.23.27:417][  0]LogShaderLibrary: Display: ShaderCodeLibraryPakFileMountedCallback: pending pak file info (ChunkID:-1 Root:root:/ File:B:/UE_4.27/FeaturePacks/TP_SideScrollerBP.upack)
[2022.09.11-23.23.27:417][  0]LogPakFile: OnPakFileMounted2Time == 0.000034
[2022.09.11-23.23.27:418][  0]LogPakFile: PakFile PrimaryIndexSize=187
[2022.09.11-23.23.27:418][  0]LogPakFile: PakFile PathHashIndexSize=101
[2022.09.11-23.23.27:418][  0]LogPakFile: PakFile FullDirectoryIndexSize=148
[2022.09.11-23.23.27:418][  0]LogShaderLibrary: Display: ShaderCodeLibraryPakFileMountedCallback: PakFile 'B:/UE_4.27/FeaturePacks/TP_ThirdPerson.upack' (chunk index -1, root 'root:/') mounted
[2022.09.11-23.23.27:418][  0]LogShaderLibrary: Display: ShaderCodeLibraryPakFileMountedCallback: pending pak file info (ChunkID:-1 Root:root:/ File:B:/UE_4.27/FeaturePacks/TP_ThirdPerson.upack)
[2022.09.11-23.23.27:418][  0]LogPakFile: OnPakFileMounted2Time == 0.000034
[2022.09.11-23.23.27:419][  0]LogPakFile: PakFile PrimaryIndexSize=189
[2022.09.11-23.23.27:419][  0]LogPakFile: PakFile PathHashIndexSize=101
[2022.09.11-23.23.27:419][  0]LogPakFile: PakFile FullDirectoryIndexSize=152
[2022.09.11-23.23.27:419][  0]LogShaderLibrary: Display: ShaderCodeLibraryPakFileMountedCallback: PakFile 'B:/UE_4.27/FeaturePacks/TP_ThirdPersonBP.upack' (chunk index -1, root 'root:/') mounted
[2022.09.11-23.23.27:419][  0]LogShaderLibrary: Display: ShaderCodeLibraryPakFileMountedCallback: pending pak file info (ChunkID:-1 Root:root:/ File:B:/UE_4.27/FeaturePacks/TP_ThirdPersonBP.upack)
[2022.09.11-23.23.27:419][  0]LogPakFile: OnPakFileMounted2Time == 0.000041
[2022.09.11-23.23.27:421][  0]LogPakFile: PakFile PrimaryIndexSize=183
[2022.09.11-23.23.27:421][  0]LogPakFile: PakFile PathHashIndexSize=101
[2022.09.11-23.23.27:421][  0]LogPakFile: PakFile FullDirectoryIndexSize=140
[2022.09.11-23.23.27:421][  0]LogShaderLibrary: Display: ShaderCodeLibraryPakFileMountedCallback: PakFile 'B:/UE_4.27/FeaturePacks/TP_TopDown.upack' (chunk index -1, root 'root:/') mounted
[2022.09.11-23.23.27:421][  0]LogShaderLibrary: Display: ShaderCodeLibraryPakFileMountedCallback: pending pak file info (ChunkID:-1 Root:root:/ File:B:/UE_4.27/FeaturePacks/TP_TopDown.upack)
[2022.09.11-23.23.27:421][  0]LogPakFile: OnPakFileMounted2Time == 0.000036
[2022.09.11-23.23.27:422][  0]LogPakFile: PakFile PrimaryIndexSize=185
[2022.09.11-23.23.27:422][  0]LogPakFile: PakFile PathHashIndexSize=101
[2022.09.11-23.23.27:422][  0]LogPakFile: PakFile FullDirectoryIndexSize=144
[2022.09.11-23.23.27:422][  0]LogShaderLibrary: Display: ShaderCodeLibraryPakFileMountedCallback: PakFile 'B:/UE_4.27/FeaturePacks/TP_TopDownBP.upack' (chunk index -1, root 'root:/') mounted
[2022.09.11-23.23.27:422][  0]LogShaderLibrary: Display: ShaderCodeLibraryPakFileMountedCallback: pending pak file info (ChunkID:-1 Root:root:/ File:B:/UE_4.27/FeaturePacks/TP_TopDownBP.upack)
[2022.09.11-23.23.27:422][  0]LogPakFile: OnPakFileMounted2Time == 0.000034
[2022.09.11-23.23.27:423][  0]LogPakFile: PakFile PrimaryIndexSize=185
[2022.09.11-23.23.27:423][  0]LogPakFile: PakFile PathHashIndexSize=101
[2022.09.11-23.23.27:423][  0]LogPakFile: PakFile FullDirectoryIndexSize=144
[2022.09.11-23.23.27:423][  0]LogShaderLibrary: Display: ShaderCodeLibraryPakFileMountedCallback: PakFile 'B:/UE_4.27/FeaturePacks/TP_TwinStick.upack' (chunk index -1, root 'root:/') mounted
[2022.09.11-23.23.27:423][  0]LogShaderLibrary: Display: ShaderCodeLibraryPakFileMountedCallback: pending pak file info (ChunkID:-1 Root:root:/ File:B:/UE_4.27/FeaturePacks/TP_TwinStick.upack)
[2022.09.11-23.23.27:423][  0]LogPakFile: OnPakFileMounted2Time == 0.000035
[2022.09.11-23.23.27:424][  0]LogPakFile: PakFile PrimaryIndexSize=187
[2022.09.11-23.23.27:424][  0]LogPakFile: PakFile PathHashIndexSize=101
[2022.09.11-23.23.27:424][  0]LogPakFile: PakFile FullDirectoryIndexSize=148
[2022.09.11-23.23.27:424][  0]LogShaderLibrary: Display: ShaderCodeLibraryPakFileMountedCallback: PakFile 'B:/UE_4.27/FeaturePacks/TP_TwinStickBP.upack' (chunk index -1, root 'root:/') mounted
[2022.09.11-23.23.27:424][  0]LogShaderLibrary: Display: ShaderCodeLibraryPakFileMountedCallback: pending pak file info (ChunkID:-1 Root:root:/ File:B:/UE_4.27/FeaturePacks/TP_TwinStickBP.upack)
[2022.09.11-23.23.27:424][  0]LogPakFile: OnPakFileMounted2Time == 0.000034
[2022.09.11-23.23.27:425][  0]LogPakFile: PakFile PrimaryIndexSize=183
[2022.09.11-23.23.27:425][  0]LogPakFile: PakFile PathHashIndexSize=101
[2022.09.11-23.23.27:425][  0]LogPakFile: PakFile FullDirectoryIndexSize=140
[2022.09.11-23.23.27:426][  0]LogShaderLibrary: Display: ShaderCodeLibraryPakFileMountedCallback: PakFile 'B:/UE_4.27/FeaturePacks/TP_Vehicle.upack' (chunk index -1, root 'root:/') mounted
[2022.09.11-23.23.27:426][  0]LogShaderLibrary: Display: ShaderCodeLibraryPakFileMountedCallback: pending pak file info (ChunkID:-1 Root:root:/ File:B:/UE_4.27/FeaturePacks/TP_Vehicle.upack)
[2022.09.11-23.23.27:426][  0]LogPakFile: OnPakFileMounted2Time == 0.000032
[2022.09.11-23.23.27:426][  0]LogPakFile: PakFile PrimaryIndexSize=186
[2022.09.11-23.23.27:426][  0]LogPakFile: PakFile PathHashIndexSize=101
[2022.09.11-23.23.27:426][  0]LogPakFile: PakFile FullDirectoryIndexSize=146
[2022.09.11-23.23.27:426][  0]LogShaderLibrary: Display: ShaderCodeLibraryPakFileMountedCallback: PakFile 'B:/UE_4.27/FeaturePacks/TP_VehicleAdv.upack' (chunk index -1, root 'root:/') mounted
[2022.09.11-23.23.27:426][  0]LogShaderLibrary: Display: ShaderCodeLibraryPakFileMountedCallback: pending pak file info (ChunkID:-1 Root:root:/ File:B:/UE_4.27/FeaturePacks/TP_VehicleAdv.upack)
[2022.09.11-23.23.27:426][  0]LogPakFile: OnPakFileMounted2Time == 0.000045
[2022.09.11-23.23.27:428][  0]LogPakFile: PakFile PrimaryIndexSize=188
[2022.09.11-23.23.27:428][  0]LogPakFile: PakFile PathHashIndexSize=101
[2022.09.11-23.23.27:428][  0]LogPakFile: PakFile FullDirectoryIndexSize=150
[2022.09.11-23.23.27:428][  0]LogShaderLibrary: Display: ShaderCodeLibraryPakFileMountedCallback: PakFile 'B:/UE_4.27/FeaturePacks/TP_VehicleAdvBP.upack' (chunk index -1, root 'root:/') mounted
[2022.09.11-23.23.27:428][  0]LogShaderLibrary: Display: ShaderCodeLibraryPakFileMountedCallback: pending pak file info (ChunkID:-1 Root:root:/ File:B:/UE_4.27/FeaturePacks/TP_VehicleAdvBP.upack)
[2022.09.11-23.23.27:428][  0]LogPakFile: OnPakFileMounted2Time == 0.000040
[2022.09.11-23.23.27:429][  0]LogPakFile: PakFile PrimaryIndexSize=185
[2022.09.11-23.23.27:429][  0]LogPakFile: PakFile PathHashIndexSize=101
[2022.09.11-23.23.27:429][  0]LogPakFile: PakFile FullDirectoryIndexSize=144
[2022.09.11-23.23.27:429][  0]LogShaderLibrary: Display: ShaderCodeLibraryPakFileMountedCallback: PakFile 'B:/UE_4.27/FeaturePacks/TP_VehicleBP.upack' (chunk index -1, root 'root:/') mounted
[2022.09.11-23.23.27:429][  0]LogShaderLibrary: Display: ShaderCodeLibraryPakFileMountedCallback: pending pak file info (ChunkID:-1 Root:root:/ File:B:/UE_4.27/FeaturePacks/TP_VehicleBP.upack)
[2022.09.11-23.23.27:429][  0]LogPakFile: OnPakFileMounted2Time == 0.000032
[2022.09.11-23.23.27:431][  0]LogPakFile: PakFile PrimaryIndexSize=192
[2022.09.11-23.23.27:431][  0]LogPakFile: PakFile PathHashIndexSize=101
[2022.09.11-23.23.27:431][  0]LogPakFile: PakFile FullDirectoryIndexSize=158
[2022.09.11-23.23.27:431][  0]LogShaderLibrary: Display: ShaderCodeLibraryPakFileMountedCallback: PakFile 'B:/UE_4.27/FeaturePacks/TP_VirtualRealityBP.upack' (chunk index -1, root 'root:/') mounted
[2022.09.11-23.23.27:431][  0]LogShaderLibrary: Display: ShaderCodeLibraryPakFileMountedCallback: pending pak file info (ChunkID:-1 Root:root:/ File:B:/UE_4.27/FeaturePacks/TP_VirtualRealityBP.upack)
[2022.09.11-23.23.27:431][  0]LogPakFile: OnPakFileMounted2Time == 0.000036
[2022.09.11-23.23.27:502][  0]LogNativeClassHierarchy: Verbose: Native class hierarchy updated for 'AddContentDialog' in 0.0003 seconds. Added 0 classes and 0 folders.
[2022.09.11-23.23.27:503][  0]LogNativeClassHierarchy: Verbose: Native class hierarchy updated for 'SceneOutliner' in 0.0002 seconds. Added 2 classes and 0 folders.
[2022.09.11-23.23.27:610][  0]LogSlate: Took 0.000162 seconds to synchronously load lazily loaded font '../../../Engine/Content/Slate/Fonts/Roboto-Regular.ttf' (155K)
[2022.09.11-23.23.27:612][  0]LogSlate: Took 0.000892 seconds to synchronously load lazily loaded font '../../../Engine/Content/Editor/Slate/Fonts/FontAwesome.ttf' (139K)
[2022.09.11-23.23.27:613][  0]LogSlate: Took 0.000106 seconds to synchronously load lazily loaded font '../../../Engine/Content/Slate/Fonts/Roboto-Bold.ttf' (160K)
[2022.09.11-23.23.27:708][  0]LogRenderer: Reallocating scene render targets to support 1252x620 Format 10 NumSamples 1 (Frame:1).
[2022.09.11-23.23.28:303][  0]LogSlate: Took 0.001060 seconds to synchronously load lazily loaded font '../../../Engine/Content/Slate/Fonts/Roboto-Light.ttf' (167K)
[2022.09.11-23.23.28:947][  0]LogNativeClassHierarchy: Verbose: Native class hierarchy updated for 'HierarchicalLODOutliner' in 0.0003 seconds. Added 0 classes and 0 folders.
[2022.09.11-23.23.28:947][  0]LogLoad: (Engine Initialization) Total time: 20.80 seconds
[2022.09.11-23.23.28:947][  0]LogLoad: (Engine Initialization) Total Blueprint compile time: 0.00 seconds
[2022.09.11-23.23.29:005][  0]LogAssetRegistry: Asset discovery search completed in 18.1214 seconds
[2022.09.11-23.23.29:012][  0]LogCollectionManager: Fixed up redirectors for 0 collections in 0.000004 seconds (updated 0 objects)
[2022.09.11-23.23.29:015][  0]LogContentStreaming: Texture pool size now 1000 MB
[2022.09.11-23.23.35:108][559]LogUObjectHash: Compacting FUObjectHashTables data took   0.62ms
